{"C:\\Users\\geras\\Desktop\\js\\Gerasik-2019Q1\\piskel-clone\\src\\controllers\\AppControl.js": {"path":"C:\\Users\\geras\\Desktop\\js\\Gerasik-2019Q1\\piskel-clone\\src\\controllers\\AppControl.js","statementMap":{"0":{"start":{"line":14,"column":4},"end":{"line":14,"column":31}},"1":{"start":{"line":15,"column":4},"end":{"line":15,"column":19}},"2":{"start":{"line":16,"column":4},"end":{"line":16,"column":24}},"3":{"start":{"line":17,"column":4},"end":{"line":17,"column":30}},"4":{"start":{"line":18,"column":4},"end":{"line":23,"column":6}},"5":{"start":{"line":27,"column":19},"end":{"line":27,"column":47}},"6":{"start":{"line":28,"column":4},"end":{"line":28,"column":20}},"7":{"start":{"line":29,"column":22},"end":{"line":29,"column":51}},"8":{"start":{"line":30,"column":4},"end":{"line":30,"column":23}},"9":{"start":{"line":31,"column":21},"end":{"line":31,"column":59}},"10":{"start":{"line":32,"column":32},"end":{"line":32,"column":49}},"11":{"start":{"line":33,"column":21},"end":{"line":34,"column":83}},"12":{"start":{"line":35,"column":22},"end":{"line":35,"column":60}},"13":{"start":{"line":36,"column":4},"end":{"line":42,"column":14}},"14":{"start":{"line":37,"column":6},"end":{"line":41,"column":7}},"15":{"start":{"line":38,"column":8},"end":{"line":38,"column":53}},"16":{"start":{"line":39,"column":13},"end":{"line":41,"column":7}},"17":{"start":{"line":40,"column":8},"end":{"line":40,"column":55}},"18":{"start":{"line":43,"column":4},"end":{"line":51,"column":7}},"19":{"start":{"line":44,"column":19},"end":{"line":44,"column":49}},"20":{"start":{"line":45,"column":21},"end":{"line":45,"column":50}},"21":{"start":{"line":46,"column":18},"end":{"line":46,"column":45}},"22":{"start":{"line":47,"column":6},"end":{"line":47,"column":66}},"23":{"start":{"line":48,"column":6},"end":{"line":48,"column":49}},"24":{"start":{"line":49,"column":6},"end":{"line":49,"column":25}},"25":{"start":{"line":50,"column":6},"end":{"line":50,"column":42}},"26":{"start":{"line":52,"column":27},"end":{"line":52,"column":57}},"27":{"start":{"line":53,"column":4},"end":{"line":64,"column":7}},"28":{"start":{"line":54,"column":25},"end":{"line":54,"column":64}},"29":{"start":{"line":55,"column":6},"end":{"line":63,"column":7}},"30":{"start":{"line":55,"column":19},"end":{"line":55,"column":20}},"31":{"start":{"line":56,"column":24},"end":{"line":56,"column":54}},"32":{"start":{"line":57,"column":24},"end":{"line":57,"column":52}},"33":{"start":{"line":58,"column":26},"end":{"line":58,"column":95}},"34":{"start":{"line":59,"column":8},"end":{"line":59,"column":53}},"35":{"start":{"line":60,"column":8},"end":{"line":60,"column":54}},"36":{"start":{"line":61,"column":8},"end":{"line":61,"column":46}},"37":{"start":{"line":62,"column":8},"end":{"line":62,"column":34}},"38":{"start":{"line":65,"column":4},"end":{"line":65,"column":30}},"39":{"start":{"line":66,"column":22},"end":{"line":66,"column":80}},"40":{"start":{"line":67,"column":4},"end":{"line":67,"column":23}},"41":{"start":{"line":68,"column":23},"end":{"line":68,"column":83}},"42":{"start":{"line":69,"column":4},"end":{"line":69,"column":24}},"43":{"start":{"line":70,"column":25},"end":{"line":72,"column":5}},"44":{"start":{"line":73,"column":4},"end":{"line":73,"column":24}},"45":{"start":{"line":74,"column":4},"end":{"line":74,"column":29}},"46":{"start":{"line":75,"column":4},"end":{"line":75,"column":95}},"47":{"start":{"line":76,"column":4},"end":{"line":76,"column":62}},"48":{"start":{"line":78,"column":28},"end":{"line":78,"column":140}},"49":{"start":{"line":79,"column":33},"end":{"line":79,"column":57}},"50":{"start":{"line":81,"column":4},"end":{"line":81,"column":89}},"51":{"start":{"line":82,"column":4},"end":{"line":82,"column":160}},"52":{"start":{"line":82,"column":60},"end":{"line":82,"column":156}},"53":{"start":{"line":82,"column":115},"end":{"line":82,"column":156}},"54":{"start":{"line":84,"column":4},"end":{"line":84,"column":55}},"55":{"start":{"line":86,"column":26},"end":{"line":93,"column":5}},"56":{"start":{"line":87,"column":25},"end":{"line":87,"column":46}},"57":{"start":{"line":88,"column":24},"end":{"line":88,"column":66}},"58":{"start":{"line":89,"column":6},"end":{"line":89,"column":108}},"59":{"start":{"line":90,"column":6},"end":{"line":90,"column":22}},"60":{"start":{"line":91,"column":6},"end":{"line":91,"column":55}},"61":{"start":{"line":92,"column":6},"end":{"line":92,"column":57}},"62":{"start":{"line":94,"column":4},"end":{"line":94,"column":53}},"63":{"start":{"line":96,"column":25},"end":{"line":96,"column":83}},"64":{"start":{"line":97,"column":30},"end":{"line":97,"column":51}},"65":{"start":{"line":98,"column":23},"end":{"line":98,"column":86}},"66":{"start":{"line":99,"column":4},"end":{"line":132,"column":7}},"67":{"start":{"line":100,"column":21},"end":{"line":100,"column":33}},"68":{"start":{"line":101,"column":6},"end":{"line":131,"column":7}},"69":{"start":{"line":102,"column":20},"end":{"line":108,"column":10}},"70":{"start":{"line":109,"column":20},"end":{"line":109,"column":34}},"71":{"start":{"line":110,"column":8},"end":{"line":121,"column":11}},"72":{"start":{"line":111,"column":26},"end":{"line":111,"column":33}},"73":{"start":{"line":112,"column":10},"end":{"line":119,"column":11}},"74":{"start":{"line":112,"column":23},"end":{"line":112,"column":24}},"75":{"start":{"line":113,"column":12},"end":{"line":118,"column":13}},"76":{"start":{"line":114,"column":14},"end":{"line":114,"column":40}},"77":{"start":{"line":115,"column":14},"end":{"line":115,"column":40}},"78":{"start":{"line":116,"column":14},"end":{"line":116,"column":40}},"79":{"start":{"line":117,"column":14},"end":{"line":117,"column":36}},"80":{"start":{"line":120,"column":10},"end":{"line":120,"column":55}},"81":{"start":{"line":122,"column":8},"end":{"line":129,"column":11}},"82":{"start":{"line":123,"column":31},"end":{"line":123,"column":58}},"83":{"start":{"line":124,"column":20},"end":{"line":124,"column":42}},"84":{"start":{"line":125,"column":10},"end":{"line":125,"column":47}},"85":{"start":{"line":126,"column":10},"end":{"line":126,"column":60}},"86":{"start":{"line":127,"column":10},"end":{"line":127,"column":50}},"87":{"start":{"line":128,"column":10},"end":{"line":128,"column":31}},"88":{"start":{"line":130,"column":8},"end":{"line":130,"column":21}},"89":{"start":{"line":133,"column":24},"end":{"line":133,"column":88}},"90":{"start":{"line":134,"column":4},"end":{"line":152,"column":7}},"91":{"start":{"line":135,"column":21},"end":{"line":135,"column":73}},"92":{"start":{"line":136,"column":22},"end":{"line":136,"column":45}},"93":{"start":{"line":137,"column":24},"end":{"line":137,"column":78}},"94":{"start":{"line":138,"column":6},"end":{"line":145,"column":7}},"95":{"start":{"line":138,"column":19},"end":{"line":138,"column":20}},"96":{"start":{"line":139,"column":8},"end":{"line":144,"column":9}},"97":{"start":{"line":140,"column":10},"end":{"line":140,"column":38}},"98":{"start":{"line":141,"column":10},"end":{"line":141,"column":38}},"99":{"start":{"line":142,"column":10},"end":{"line":142,"column":38}},"100":{"start":{"line":143,"column":10},"end":{"line":143,"column":34}},"101":{"start":{"line":146,"column":6},"end":{"line":146,"column":44}},"102":{"start":{"line":147,"column":18},"end":{"line":147,"column":48}},"103":{"start":{"line":148,"column":16},"end":{"line":148,"column":43}},"104":{"start":{"line":149,"column":6},"end":{"line":149,"column":34}},"105":{"start":{"line":150,"column":6},"end":{"line":150,"column":45}},"106":{"start":{"line":151,"column":6},"end":{"line":151,"column":16}},"107":{"start":{"line":156,"column":4},"end":{"line":197,"column":5}},"108":{"start":{"line":157,"column":17},"end":{"line":157,"column":25}},"109":{"start":{"line":158,"column":6},"end":{"line":160,"column":7}},"110":{"start":{"line":159,"column":8},"end":{"line":159,"column":34}},"111":{"start":{"line":161,"column":6},"end":{"line":196,"column":7}},"112":{"start":{"line":162,"column":25},"end":{"line":162,"column":43}},"113":{"start":{"line":163,"column":8},"end":{"line":163,"column":54}},"114":{"start":{"line":164,"column":23},"end":{"line":164,"column":106}},"115":{"start":{"line":165,"column":26},"end":{"line":165,"column":97}},"116":{"start":{"line":166,"column":8},"end":{"line":166,"column":47}},"117":{"start":{"line":167,"column":13},"end":{"line":196,"column":7}},"118":{"start":{"line":168,"column":8},"end":{"line":195,"column":9}},"119":{"start":{"line":169,"column":27},"end":{"line":169,"column":53}},"120":{"start":{"line":170,"column":10},"end":{"line":170,"column":56}},"121":{"start":{"line":171,"column":25},"end":{"line":171,"column":63}},"122":{"start":{"line":172,"column":23},"end":{"line":172,"column":94}},"123":{"start":{"line":173,"column":10},"end":{"line":173,"column":44}},"124":{"start":{"line":174,"column":10},"end":{"line":174,"column":29}},"125":{"start":{"line":175,"column":15},"end":{"line":195,"column":9}},"126":{"start":{"line":177,"column":10},"end":{"line":183,"column":11}},"127":{"start":{"line":178,"column":12},"end":{"line":178,"column":51}},"128":{"start":{"line":179,"column":17},"end":{"line":183,"column":11}},"129":{"start":{"line":180,"column":12},"end":{"line":180,"column":47}},"130":{"start":{"line":181,"column":17},"end":{"line":183,"column":11}},"131":{"start":{"line":182,"column":12},"end":{"line":182,"column":49}},"132":{"start":{"line":184,"column":10},"end":{"line":184,"column":48}},"133":{"start":{"line":185,"column":25},"end":{"line":185,"column":74}},"134":{"start":{"line":186,"column":28},"end":{"line":186,"column":99}},"135":{"start":{"line":187,"column":10},"end":{"line":187,"column":49}},"136":{"start":{"line":188,"column":10},"end":{"line":188,"column":24}},"137":{"start":{"line":189,"column":10},"end":{"line":189,"column":29}},"138":{"start":{"line":191,"column":10},"end":{"line":191,"column":37}},"139":{"start":{"line":192,"column":25},"end":{"line":192,"column":63}},"140":{"start":{"line":193,"column":28},"end":{"line":193,"column":99}},"141":{"start":{"line":194,"column":10},"end":{"line":194,"column":49}},"142":{"start":{"line":201,"column":19},"end":{"line":201,"column":58}},"143":{"start":{"line":202,"column":20},"end":{"line":202,"column":43}},"144":{"start":{"line":203,"column":4},"end":{"line":203,"column":42}},"145":{"start":{"line":207,"column":17},"end":{"line":207,"column":67}},"146":{"start":{"line":208,"column":17},"end":{"line":208,"column":19}},"147":{"start":{"line":209,"column":4},"end":{"line":213,"column":5}},"148":{"start":{"line":209,"column":17},"end":{"line":209,"column":18}},"149":{"start":{"line":210,"column":21},"end":{"line":210,"column":71}},"150":{"start":{"line":211,"column":22},"end":{"line":211,"column":45}},"151":{"start":{"line":212,"column":6},"end":{"line":212,"column":73}},"152":{"start":{"line":214,"column":4},"end":{"line":214,"column":16}},"153":{"start":{"line":218,"column":22},"end":{"line":218,"column":36}},"154":{"start":{"line":219,"column":21},"end":{"line":219,"column":52}},"155":{"start":{"line":220,"column":4},"end":{"line":220,"column":45}},"156":{"start":{"line":221,"column":4},"end":{"line":221,"column":31}},"157":{"start":{"line":225,"column":4},"end":{"line":225,"column":74}},"158":{"start":{"line":226,"column":4},"end":{"line":226,"column":74}},"159":{"start":{"line":227,"column":4},"end":{"line":227,"column":72}},"160":{"start":{"line":228,"column":4},"end":{"line":228,"column":74}},"161":{"start":{"line":229,"column":4},"end":{"line":229,"column":87}},"162":{"start":{"line":230,"column":4},"end":{"line":230,"column":70}},"163":{"start":{"line":234,"column":4},"end":{"line":234,"column":31}},"164":{"start":{"line":235,"column":4},"end":{"line":235,"column":42}},"165":{"start":{"line":236,"column":4},"end":{"line":236,"column":64}},"166":{"start":{"line":240,"column":4},"end":{"line":240,"column":31}},"167":{"start":{"line":244,"column":4},"end":{"line":244,"column":34}},"168":{"start":{"line":248,"column":4},"end":{"line":250,"column":5}},"169":{"start":{"line":249,"column":6},"end":{"line":249,"column":25}},"170":{"start":{"line":254,"column":20},"end":{"line":254,"column":30}},"171":{"start":{"line":255,"column":4},"end":{"line":257,"column":5}},"172":{"start":{"line":256,"column":6},"end":{"line":256,"column":26}},"173":{"start":{"line":258,"column":19},"end":{"line":258,"column":51}},"174":{"start":{"line":259,"column":19},"end":{"line":259,"column":34}},"175":{"start":{"line":260,"column":17},"end":{"line":260,"column":32}},"176":{"start":{"line":262,"column":4},"end":{"line":264,"column":5}},"177":{"start":{"line":262,"column":17},"end":{"line":262,"column":18}},"178":{"start":{"line":263,"column":6},"end":{"line":263,"column":73}},"179":{"start":{"line":263,"column":51},"end":{"line":263,"column":73}},"180":{"start":{"line":265,"column":4},"end":{"line":268,"column":5}},"181":{"start":{"line":266,"column":19},"end":{"line":266,"column":50}},"182":{"start":{"line":267,"column":6},"end":{"line":267,"column":38}},"183":{"start":{"line":269,"column":4},"end":{"line":269,"column":51}},"184":{"start":{"line":270,"column":4},"end":{"line":270,"column":63}},"185":{"start":{"line":271,"column":4},"end":{"line":271,"column":34}},"186":{"start":{"line":272,"column":4},"end":{"line":272,"column":17}},"187":{"start":{"line":276,"column":4},"end":{"line":276,"column":29}}},"fnMap":{"0":{"name":"(anonymous_0)","decl":{"start":{"line":13,"column":2},"end":{"line":13,"column":3}},"loc":{"start":{"line":13,"column":25},"end":{"line":24,"column":3}},"line":13},"1":{"name":"(anonymous_1)","decl":{"start":{"line":26,"column":2},"end":{"line":26,"column":3}},"loc":{"start":{"line":26,"column":10},"end":{"line":153,"column":3}},"line":26},"2":{"name":"(anonymous_2)","decl":{"start":{"line":36,"column":41},"end":{"line":36,"column":42}},"loc":{"start":{"line":36,"column":48},"end":{"line":42,"column":5}},"line":36},"3":{"name":"(anonymous_3)","decl":{"start":{"line":43,"column":72},"end":{"line":43,"column":73}},"loc":{"start":{"line":43,"column":79},"end":{"line":51,"column":5}},"line":43},"4":{"name":"(anonymous_4)","decl":{"start":{"line":53,"column":46},"end":{"line":53,"column":47}},"loc":{"start":{"line":53,"column":53},"end":{"line":64,"column":5}},"line":53},"5":{"name":"(anonymous_5)","decl":{"start":{"line":82,"column":51},"end":{"line":82,"column":52}},"loc":{"start":{"line":82,"column":58},"end":{"line":82,"column":158}},"line":82},"6":{"name":"(anonymous_6)","decl":{"start":{"line":86,"column":26},"end":{"line":86,"column":27}},"loc":{"start":{"line":86,"column":32},"end":{"line":93,"column":5}},"line":86},"7":{"name":"(anonymous_7)","decl":{"start":{"line":99,"column":41},"end":{"line":99,"column":42}},"loc":{"start":{"line":99,"column":47},"end":{"line":132,"column":5}},"line":99},"8":{"name":"(anonymous_8)","decl":{"start":{"line":110,"column":38},"end":{"line":110,"column":39}},"loc":{"start":{"line":110,"column":51},"end":{"line":121,"column":9}},"line":110},"9":{"name":"(anonymous_9)","decl":{"start":{"line":122,"column":27},"end":{"line":122,"column":28}},"loc":{"start":{"line":122,"column":34},"end":{"line":129,"column":9}},"line":122},"10":{"name":"(anonymous_10)","decl":{"start":{"line":134,"column":42},"end":{"line":134,"column":43}},"loc":{"start":{"line":134,"column":48},"end":{"line":152,"column":5}},"line":134},"11":{"name":"(anonymous_11)","decl":{"start":{"line":155,"column":2},"end":{"line":155,"column":3}},"loc":{"start":{"line":155,"column":39},"end":{"line":198,"column":3}},"line":155},"12":{"name":"(anonymous_12)","decl":{"start":{"line":200,"column":2},"end":{"line":200,"column":3}},"loc":{"start":{"line":200,"column":37},"end":{"line":204,"column":3}},"line":200},"13":{"name":"(anonymous_13)","decl":{"start":{"line":206,"column":2},"end":{"line":206,"column":3}},"loc":{"start":{"line":206,"column":34},"end":{"line":215,"column":3}},"line":206},"14":{"name":"(anonymous_14)","decl":{"start":{"line":217,"column":2},"end":{"line":217,"column":3}},"loc":{"start":{"line":217,"column":15},"end":{"line":222,"column":3}},"line":217},"15":{"name":"(anonymous_15)","decl":{"start":{"line":224,"column":2},"end":{"line":224,"column":3}},"loc":{"start":{"line":224,"column":40},"end":{"line":231,"column":3}},"line":224},"16":{"name":"(anonymous_16)","decl":{"start":{"line":233,"column":2},"end":{"line":233,"column":3}},"loc":{"start":{"line":233,"column":28},"end":{"line":237,"column":3}},"line":233},"17":{"name":"(anonymous_17)","decl":{"start":{"line":239,"column":2},"end":{"line":239,"column":3}},"loc":{"start":{"line":239,"column":27},"end":{"line":241,"column":3}},"line":239},"18":{"name":"(anonymous_18)","decl":{"start":{"line":243,"column":2},"end":{"line":243,"column":3}},"loc":{"start":{"line":243,"column":27},"end":{"line":245,"column":3}},"line":243},"19":{"name":"(anonymous_19)","decl":{"start":{"line":247,"column":2},"end":{"line":247,"column":3}},"loc":{"start":{"line":247,"column":27},"end":{"line":251,"column":3}},"line":247},"20":{"name":"(anonymous_20)","decl":{"start":{"line":253,"column":2},"end":{"line":253,"column":3}},"loc":{"start":{"line":253,"column":35},"end":{"line":273,"column":3}},"line":253},"21":{"name":"(anonymous_21)","decl":{"start":{"line":275,"column":2},"end":{"line":275,"column":3}},"loc":{"start":{"line":275,"column":25},"end":{"line":277,"column":3}},"line":275}},"branchMap":{"0":{"loc":{"start":{"line":37,"column":6},"end":{"line":41,"column":7}},"type":"if","locations":[{"start":{"line":37,"column":6},"end":{"line":41,"column":7}},{"start":{"line":37,"column":6},"end":{"line":41,"column":7}}],"line":37},"1":{"loc":{"start":{"line":39,"column":13},"end":{"line":41,"column":7}},"type":"if","locations":[{"start":{"line":39,"column":13},"end":{"line":41,"column":7}},{"start":{"line":39,"column":13},"end":{"line":41,"column":7}}],"line":39},"2":{"loc":{"start":{"line":82,"column":60},"end":{"line":82,"column":156}},"type":"if","locations":[{"start":{"line":82,"column":60},"end":{"line":82,"column":156}},{"start":{"line":82,"column":60},"end":{"line":82,"column":156}}],"line":82},"3":{"loc":{"start":{"line":101,"column":6},"end":{"line":131,"column":7}},"type":"if","locations":[{"start":{"line":101,"column":6},"end":{"line":131,"column":7}},{"start":{"line":101,"column":6},"end":{"line":131,"column":7}}],"line":101},"4":{"loc":{"start":{"line":113,"column":12},"end":{"line":118,"column":13}},"type":"if","locations":[{"start":{"line":113,"column":12},"end":{"line":118,"column":13}},{"start":{"line":113,"column":12},"end":{"line":118,"column":13}}],"line":113},"5":{"loc":{"start":{"line":139,"column":8},"end":{"line":144,"column":9}},"type":"if","locations":[{"start":{"line":139,"column":8},"end":{"line":144,"column":9}},{"start":{"line":139,"column":8},"end":{"line":144,"column":9}}],"line":139},"6":{"loc":{"start":{"line":156,"column":4},"end":{"line":197,"column":5}},"type":"if","locations":[{"start":{"line":156,"column":4},"end":{"line":197,"column":5}},{"start":{"line":156,"column":4},"end":{"line":197,"column":5}}],"line":156},"7":{"loc":{"start":{"line":161,"column":6},"end":{"line":196,"column":7}},"type":"if","locations":[{"start":{"line":161,"column":6},"end":{"line":196,"column":7}},{"start":{"line":161,"column":6},"end":{"line":196,"column":7}}],"line":161},"8":{"loc":{"start":{"line":167,"column":13},"end":{"line":196,"column":7}},"type":"if","locations":[{"start":{"line":167,"column":13},"end":{"line":196,"column":7}},{"start":{"line":167,"column":13},"end":{"line":196,"column":7}}],"line":167},"9":{"loc":{"start":{"line":168,"column":8},"end":{"line":195,"column":9}},"type":"if","locations":[{"start":{"line":168,"column":8},"end":{"line":195,"column":9}},{"start":{"line":168,"column":8},"end":{"line":195,"column":9}}],"line":168},"10":{"loc":{"start":{"line":175,"column":15},"end":{"line":195,"column":9}},"type":"if","locations":[{"start":{"line":175,"column":15},"end":{"line":195,"column":9}},{"start":{"line":175,"column":15},"end":{"line":195,"column":9}}],"line":175},"11":{"loc":{"start":{"line":177,"column":10},"end":{"line":183,"column":11}},"type":"if","locations":[{"start":{"line":177,"column":10},"end":{"line":183,"column":11}},{"start":{"line":177,"column":10},"end":{"line":183,"column":11}}],"line":177},"12":{"loc":{"start":{"line":179,"column":17},"end":{"line":183,"column":11}},"type":"if","locations":[{"start":{"line":179,"column":17},"end":{"line":183,"column":11}},{"start":{"line":179,"column":17},"end":{"line":183,"column":11}}],"line":179},"13":{"loc":{"start":{"line":179,"column":21},"end":{"line":179,"column":95}},"type":"binary-expr","locations":[{"start":{"line":179,"column":21},"end":{"line":179,"column":37}},{"start":{"line":179,"column":41},"end":{"line":179,"column":95}}],"line":179},"14":{"loc":{"start":{"line":181,"column":17},"end":{"line":183,"column":11}},"type":"if","locations":[{"start":{"line":181,"column":17},"end":{"line":183,"column":11}},{"start":{"line":181,"column":17},"end":{"line":183,"column":11}}],"line":181},"15":{"loc":{"start":{"line":207,"column":17},"end":{"line":207,"column":67}},"type":"binary-expr","locations":[{"start":{"line":207,"column":17},"end":{"line":207,"column":26}},{"start":{"line":207,"column":30},"end":{"line":207,"column":67}}],"line":207},"16":{"loc":{"start":{"line":248,"column":4},"end":{"line":250,"column":5}},"type":"if","locations":[{"start":{"line":248,"column":4},"end":{"line":250,"column":5}},{"start":{"line":248,"column":4},"end":{"line":250,"column":5}}],"line":248},"17":{"loc":{"start":{"line":255,"column":4},"end":{"line":257,"column":5}},"type":"if","locations":[{"start":{"line":255,"column":4},"end":{"line":257,"column":5}},{"start":{"line":255,"column":4},"end":{"line":257,"column":5}}],"line":255},"18":{"loc":{"start":{"line":263,"column":6},"end":{"line":263,"column":73}},"type":"if","locations":[{"start":{"line":263,"column":6},"end":{"line":263,"column":73}},{"start":{"line":263,"column":6},"end":{"line":263,"column":73}}],"line":263},"19":{"loc":{"start":{"line":265,"column":4},"end":{"line":268,"column":5}},"type":"if","locations":[{"start":{"line":265,"column":4},"end":{"line":268,"column":5}},{"start":{"line":265,"column":4},"end":{"line":268,"column":5}}],"line":265}},"s":{"0":1,"1":1,"2":1,"3":1,"4":1,"5":0,"6":0,"7":0,"8":0,"9":0,"10":0,"11":0,"12":0,"13":0,"14":0,"15":0,"16":0,"17":0,"18":0,"19":0,"20":0,"21":0,"22":0,"23":0,"24":0,"25":0,"26":0,"27":0,"28":0,"29":0,"30":0,"31":0,"32":0,"33":0,"34":0,"35":0,"36":0,"37":0,"38":0,"39":0,"40":0,"41":0,"42":0,"43":0,"44":0,"45":0,"46":0,"47":0,"48":0,"49":0,"50":0,"51":0,"52":0,"53":0,"54":0,"55":0,"56":0,"57":0,"58":0,"59":0,"60":0,"61":0,"62":0,"63":0,"64":0,"65":0,"66":0,"67":0,"68":0,"69":0,"70":0,"71":0,"72":0,"73":0,"74":0,"75":0,"76":0,"77":0,"78":0,"79":0,"80":0,"81":0,"82":0,"83":0,"84":0,"85":0,"86":0,"87":0,"88":0,"89":0,"90":0,"91":0,"92":0,"93":0,"94":0,"95":0,"96":0,"97":0,"98":0,"99":0,"100":0,"101":0,"102":0,"103":0,"104":0,"105":0,"106":0,"107":0,"108":0,"109":0,"110":0,"111":0,"112":0,"113":0,"114":0,"115":0,"116":0,"117":0,"118":0,"119":0,"120":0,"121":0,"122":0,"123":0,"124":0,"125":0,"126":0,"127":0,"128":0,"129":0,"130":0,"131":0,"132":0,"133":0,"134":0,"135":0,"136":0,"137":0,"138":0,"139":0,"140":0,"141":0,"142":0,"143":0,"144":0,"145":0,"146":0,"147":0,"148":0,"149":0,"150":0,"151":0,"152":0,"153":1,"154":1,"155":1,"156":1,"157":0,"158":0,"159":0,"160":0,"161":0,"162":0,"163":0,"164":0,"165":0,"166":0,"167":1,"168":0,"169":0,"170":0,"171":0,"172":0,"173":0,"174":0,"175":0,"176":0,"177":0,"178":0,"179":0,"180":0,"181":0,"182":0,"183":0,"184":0,"185":0,"186":0,"187":1},"f":{"0":1,"1":0,"2":0,"3":0,"4":0,"5":0,"6":0,"7":0,"8":0,"9":0,"10":0,"11":0,"12":0,"13":0,"14":1,"15":0,"16":0,"17":0,"18":1,"19":0,"20":0,"21":1},"b":{"0":[0,0],"1":[0,0],"2":[0,0],"3":[0,0],"4":[0,0],"5":[0,0],"6":[0,0],"7":[0,0],"8":[0,0],"9":[0,0],"10":[0,0],"11":[0,0],"12":[0,0],"13":[0,0],"14":[0,0],"15":[0,0],"16":[0,0],"17":[0,0],"18":[0,0],"19":[0,0]},"_coverageSchema":"43e27e138ebf9cfc5966b082cf9a028302ed4184","hash":"696913be5d849e51157f917627c25c31b334f522"}
,"C:\\Users\\geras\\Desktop\\js\\Gerasik-2019Q1\\piskel-clone\\src\\controllers\\AppToolsControl.js": {"path":"C:\\Users\\geras\\Desktop\\js\\Gerasik-2019Q1\\piskel-clone\\src\\controllers\\AppToolsControl.js","statementMap":{"0":{"start":{"line":3,"column":4},"end":{"line":3,"column":29}},"1":{"start":{"line":4,"column":4},"end":{"line":4,"column":25}},"2":{"start":{"line":5,"column":4},"end":{"line":5,"column":31}},"3":{"start":{"line":6,"column":4},"end":{"line":6,"column":29}},"4":{"start":{"line":7,"column":4},"end":{"line":7,"column":29}},"5":{"start":{"line":8,"column":4},"end":{"line":8,"column":34}},"6":{"start":{"line":9,"column":4},"end":{"line":9,"column":25}},"7":{"start":{"line":10,"column":4},"end":{"line":10,"column":40}},"8":{"start":{"line":11,"column":4},"end":{"line":11,"column":42}},"9":{"start":{"line":15,"column":4},"end":{"line":77,"column":7}},"10":{"start":{"line":16,"column":6},"end":{"line":16,"column":34}},"11":{"start":{"line":17,"column":6},"end":{"line":76,"column":7}},"12":{"start":{"line":19,"column":10},"end":{"line":19,"column":57}},"13":{"start":{"line":20,"column":10},"end":{"line":20,"column":45}},"14":{"start":{"line":21,"column":10},"end":{"line":21,"column":16}},"15":{"start":{"line":23,"column":10},"end":{"line":23,"column":60}},"16":{"start":{"line":24,"column":10},"end":{"line":24,"column":46}},"17":{"start":{"line":25,"column":10},"end":{"line":25,"column":16}},"18":{"start":{"line":27,"column":10},"end":{"line":27,"column":58}},"19":{"start":{"line":28,"column":10},"end":{"line":28,"column":52}},"20":{"start":{"line":29,"column":10},"end":{"line":29,"column":16}},"21":{"start":{"line":31,"column":10},"end":{"line":31,"column":60}},"22":{"start":{"line":32,"column":10},"end":{"line":32,"column":54}},"23":{"start":{"line":33,"column":10},"end":{"line":33,"column":16}},"24":{"start":{"line":35,"column":10},"end":{"line":35,"column":65}},"25":{"start":{"line":36,"column":10},"end":{"line":36,"column":58}},"26":{"start":{"line":37,"column":10},"end":{"line":37,"column":16}},"27":{"start":{"line":39,"column":10},"end":{"line":39,"column":65}},"28":{"start":{"line":40,"column":10},"end":{"line":40,"column":58}},"29":{"start":{"line":41,"column":10},"end":{"line":41,"column":16}},"30":{"start":{"line":43,"column":10},"end":{"line":43,"column":60}},"31":{"start":{"line":44,"column":10},"end":{"line":44,"column":54}},"32":{"start":{"line":45,"column":10},"end":{"line":45,"column":16}},"33":{"start":{"line":47,"column":10},"end":{"line":47,"column":64}},"34":{"start":{"line":48,"column":10},"end":{"line":48,"column":57}},"35":{"start":{"line":49,"column":10},"end":{"line":49,"column":16}},"36":{"start":{"line":51,"column":10},"end":{"line":51,"column":58}},"37":{"start":{"line":52,"column":10},"end":{"line":52,"column":53}},"38":{"start":{"line":53,"column":10},"end":{"line":53,"column":16}},"39":{"start":{"line":55,"column":10},"end":{"line":55,"column":59}},"40":{"start":{"line":56,"column":10},"end":{"line":56,"column":52}},"41":{"start":{"line":57,"column":10},"end":{"line":57,"column":16}},"42":{"start":{"line":59,"column":10},"end":{"line":59,"column":58}},"43":{"start":{"line":60,"column":10},"end":{"line":60,"column":52}},"44":{"start":{"line":61,"column":10},"end":{"line":61,"column":16}},"45":{"start":{"line":63,"column":10},"end":{"line":63,"column":60}},"46":{"start":{"line":64,"column":10},"end":{"line":64,"column":61}},"47":{"start":{"line":65,"column":10},"end":{"line":65,"column":16}},"48":{"start":{"line":67,"column":10},"end":{"line":67,"column":58}},"49":{"start":{"line":68,"column":10},"end":{"line":68,"column":52}},"50":{"start":{"line":69,"column":10},"end":{"line":69,"column":16}},"51":{"start":{"line":71,"column":10},"end":{"line":71,"column":60}},"52":{"start":{"line":72,"column":10},"end":{"line":72,"column":61}},"53":{"start":{"line":73,"column":10},"end":{"line":73,"column":16}},"54":{"start":{"line":75,"column":10},"end":{"line":75,"column":38}},"55":{"start":{"line":78,"column":4},"end":{"line":137,"column":7}},"56":{"start":{"line":79,"column":6},"end":{"line":136,"column":7}},"57":{"start":{"line":80,"column":19},"end":{"line":80,"column":27}},"58":{"start":{"line":81,"column":8},"end":{"line":83,"column":9}},"59":{"start":{"line":82,"column":10},"end":{"line":82,"column":36}},"60":{"start":{"line":84,"column":8},"end":{"line":86,"column":9}},"61":{"start":{"line":85,"column":10},"end":{"line":85,"column":95}},"62":{"start":{"line":87,"column":8},"end":{"line":87,"column":44}},"63":{"start":{"line":88,"column":8},"end":{"line":88,"column":36}},"64":{"start":{"line":89,"column":25},"end":{"line":89,"column":57}},"65":{"start":{"line":90,"column":8},"end":{"line":135,"column":9}},"66":{"start":{"line":92,"column":12},"end":{"line":92,"column":47}},"67":{"start":{"line":93,"column":12},"end":{"line":93,"column":18}},"68":{"start":{"line":95,"column":12},"end":{"line":95,"column":48}},"69":{"start":{"line":96,"column":12},"end":{"line":96,"column":18}},"70":{"start":{"line":98,"column":12},"end":{"line":98,"column":54}},"71":{"start":{"line":99,"column":12},"end":{"line":99,"column":18}},"72":{"start":{"line":101,"column":12},"end":{"line":101,"column":56}},"73":{"start":{"line":102,"column":12},"end":{"line":102,"column":18}},"74":{"start":{"line":104,"column":12},"end":{"line":104,"column":60}},"75":{"start":{"line":105,"column":12},"end":{"line":105,"column":18}},"76":{"start":{"line":107,"column":12},"end":{"line":107,"column":60}},"77":{"start":{"line":108,"column":12},"end":{"line":108,"column":18}},"78":{"start":{"line":110,"column":12},"end":{"line":110,"column":56}},"79":{"start":{"line":111,"column":12},"end":{"line":111,"column":18}},"80":{"start":{"line":113,"column":12},"end":{"line":113,"column":59}},"81":{"start":{"line":114,"column":12},"end":{"line":114,"column":18}},"82":{"start":{"line":116,"column":12},"end":{"line":116,"column":55}},"83":{"start":{"line":117,"column":12},"end":{"line":117,"column":18}},"84":{"start":{"line":119,"column":12},"end":{"line":119,"column":54}},"85":{"start":{"line":120,"column":12},"end":{"line":120,"column":18}},"86":{"start":{"line":122,"column":12},"end":{"line":122,"column":61}},"87":{"start":{"line":123,"column":12},"end":{"line":123,"column":18}},"88":{"start":{"line":125,"column":12},"end":{"line":125,"column":63}},"89":{"start":{"line":126,"column":12},"end":{"line":126,"column":18}},"90":{"start":{"line":128,"column":12},"end":{"line":128,"column":54}},"91":{"start":{"line":129,"column":12},"end":{"line":129,"column":18}},"92":{"start":{"line":131,"column":12},"end":{"line":131,"column":63}},"93":{"start":{"line":132,"column":12},"end":{"line":132,"column":18}},"94":{"start":{"line":134,"column":12},"end":{"line":134,"column":40}},"95":{"start":{"line":141,"column":4},"end":{"line":143,"column":5}},"96":{"start":{"line":142,"column":6},"end":{"line":142,"column":92}},"97":{"start":{"line":144,"column":4},"end":{"line":144,"column":146}},"98":{"start":{"line":144,"column":62},"end":{"line":144,"column":146}},"99":{"start":{"line":148,"column":21},"end":{"line":148,"column":51}},"100":{"start":{"line":149,"column":32},"end":{"line":149,"column":54}},"101":{"start":{"line":150,"column":17},"end":{"line":150,"column":41}},"102":{"start":{"line":151,"column":17},"end":{"line":151,"column":41}},"103":{"start":{"line":152,"column":22},"end":{"line":152,"column":76}},"104":{"start":{"line":153,"column":4},"end":{"line":153,"column":57}},"105":{"start":{"line":154,"column":4},"end":{"line":154,"column":48}},"106":{"start":{"line":155,"column":4},"end":{"line":155,"column":27}},"107":{"start":{"line":159,"column":32},"end":{"line":159,"column":54}},"108":{"start":{"line":160,"column":27},"end":{"line":160,"column":82}},"109":{"start":{"line":161,"column":21},"end":{"line":161,"column":35}},"110":{"start":{"line":162,"column":20},"end":{"line":162,"column":22}},"111":{"start":{"line":163,"column":4},"end":{"line":171,"column":5}},"112":{"start":{"line":163,"column":17},"end":{"line":163,"column":18}},"113":{"start":{"line":164,"column":6},"end":{"line":170,"column":7}},"114":{"start":{"line":164,"column":19},"end":{"line":164,"column":35}},"115":{"start":{"line":165,"column":20},"end":{"line":165,"column":48}},"116":{"start":{"line":166,"column":8},"end":{"line":166,"column":32}},"117":{"start":{"line":167,"column":8},"end":{"line":167,"column":36}},"118":{"start":{"line":168,"column":8},"end":{"line":168,"column":36}},"119":{"start":{"line":169,"column":8},"end":{"line":169,"column":36}},"120":{"start":{"line":172,"column":4},"end":{"line":174,"column":7}},"121":{"start":{"line":173,"column":6},"end":{"line":173,"column":21}},"122":{"start":{"line":175,"column":4},"end":{"line":175,"column":47}},"123":{"start":{"line":176,"column":4},"end":{"line":176,"column":27}},"124":{"start":{"line":180,"column":32},"end":{"line":180,"column":54}},"125":{"start":{"line":181,"column":27},"end":{"line":181,"column":82}},"126":{"start":{"line":182,"column":21},"end":{"line":182,"column":35}},"127":{"start":{"line":183,"column":20},"end":{"line":183,"column":22}},"128":{"start":{"line":184,"column":4},"end":{"line":192,"column":5}},"129":{"start":{"line":184,"column":17},"end":{"line":184,"column":33}},"130":{"start":{"line":185,"column":6},"end":{"line":191,"column":7}},"131":{"start":{"line":185,"column":19},"end":{"line":185,"column":20}},"132":{"start":{"line":186,"column":20},"end":{"line":186,"column":48}},"133":{"start":{"line":187,"column":8},"end":{"line":187,"column":32}},"134":{"start":{"line":188,"column":8},"end":{"line":188,"column":36}},"135":{"start":{"line":189,"column":8},"end":{"line":189,"column":36}},"136":{"start":{"line":190,"column":8},"end":{"line":190,"column":36}},"137":{"start":{"line":193,"column":4},"end":{"line":195,"column":7}},"138":{"start":{"line":194,"column":6},"end":{"line":194,"column":21}},"139":{"start":{"line":196,"column":4},"end":{"line":196,"column":47}},"140":{"start":{"line":197,"column":4},"end":{"line":197,"column":27}},"141":{"start":{"line":201,"column":21},"end":{"line":201,"column":51}},"142":{"start":{"line":202,"column":32},"end":{"line":202,"column":54}},"143":{"start":{"line":203,"column":27},"end":{"line":203,"column":82}},"144":{"start":{"line":204,"column":20},"end":{"line":204,"column":39}},"145":{"start":{"line":205,"column":19},"end":{"line":205,"column":39}},"146":{"start":{"line":206,"column":22},"end":{"line":210,"column":5}},"147":{"start":{"line":211,"column":24},"end":{"line":211,"column":26}},"148":{"start":{"line":212,"column":20},"end":{"line":212,"column":22}},"149":{"start":{"line":213,"column":21},"end":{"line":213,"column":23}},"150":{"start":{"line":214,"column":4},"end":{"line":214,"column":86}},"151":{"start":{"line":215,"column":4},"end":{"line":227,"column":5}},"152":{"start":{"line":217,"column":6},"end":{"line":220,"column":7}},"153":{"start":{"line":218,"column":24},"end":{"line":218,"column":98}},"154":{"start":{"line":219,"column":8},"end":{"line":219,"column":67}},"155":{"start":{"line":219,"column":45},"end":{"line":219,"column":67}},"156":{"start":{"line":221,"column":6},"end":{"line":224,"column":7}},"157":{"start":{"line":222,"column":25},"end":{"line":222,"column":99}},"158":{"start":{"line":223,"column":8},"end":{"line":223,"column":71}},"159":{"start":{"line":223,"column":47},"end":{"line":223,"column":71}},"160":{"start":{"line":225,"column":6},"end":{"line":225,"column":33}},"161":{"start":{"line":226,"column":6},"end":{"line":226,"column":31}},"162":{"start":{"line":228,"column":4},"end":{"line":244,"column":5}},"163":{"start":{"line":229,"column":17},"end":{"line":229,"column":30}},"164":{"start":{"line":230,"column":24},"end":{"line":230,"column":74}},"165":{"start":{"line":231,"column":22},"end":{"line":231,"column":78}},"166":{"start":{"line":232,"column":6},"end":{"line":243,"column":7}},"167":{"start":{"line":234,"column":8},"end":{"line":240,"column":9}},"168":{"start":{"line":236,"column":26},"end":{"line":237,"column":34}},"169":{"start":{"line":239,"column":10},"end":{"line":239,"column":32}},"170":{"start":{"line":241,"column":8},"end":{"line":241,"column":31}},"171":{"start":{"line":242,"column":8},"end":{"line":242,"column":29}},"172":{"start":{"line":245,"column":4},"end":{"line":260,"column":5}},"173":{"start":{"line":246,"column":18},"end":{"line":246,"column":32}},"174":{"start":{"line":247,"column":24},"end":{"line":247,"column":75}},"175":{"start":{"line":248,"column":22},"end":{"line":248,"column":79}},"176":{"start":{"line":249,"column":6},"end":{"line":259,"column":7}},"177":{"start":{"line":251,"column":8},"end":{"line":256,"column":9}},"178":{"start":{"line":253,"column":26},"end":{"line":254,"column":34}},"179":{"start":{"line":255,"column":10},"end":{"line":255,"column":71}},"180":{"start":{"line":255,"column":48},"end":{"line":255,"column":71}},"181":{"start":{"line":257,"column":8},"end":{"line":257,"column":32}},"182":{"start":{"line":258,"column":8},"end":{"line":258,"column":30}},"183":{"start":{"line":261,"column":4},"end":{"line":261,"column":100}},"184":{"start":{"line":265,"column":20},"end":{"line":265,"column":39}},"185":{"start":{"line":266,"column":4},"end":{"line":271,"column":5}},"186":{"start":{"line":266,"column":17},"end":{"line":266,"column":18}},"187":{"start":{"line":267,"column":6},"end":{"line":267,"column":71}},"188":{"start":{"line":268,"column":6},"end":{"line":268,"column":75}},"189":{"start":{"line":269,"column":6},"end":{"line":269,"column":75}},"190":{"start":{"line":270,"column":6},"end":{"line":270,"column":44}},"191":{"start":{"line":272,"column":4},"end":{"line":272,"column":47}},"192":{"start":{"line":276,"column":17},"end":{"line":276,"column":33}},"193":{"start":{"line":277,"column":4},"end":{"line":279,"column":5}},"194":{"start":{"line":278,"column":6},"end":{"line":278,"column":22}},"195":{"start":{"line":280,"column":4},"end":{"line":280,"column":26}},"196":{"start":{"line":284,"column":14},"end":{"line":284,"column":35}},"197":{"start":{"line":285,"column":14},"end":{"line":285,"column":39}},"198":{"start":{"line":286,"column":14},"end":{"line":286,"column":39}},"199":{"start":{"line":287,"column":4},"end":{"line":287,"column":81}},"200":{"start":{"line":287,"column":69},"end":{"line":287,"column":81}},"201":{"start":{"line":288,"column":4},"end":{"line":288,"column":17}},"202":{"start":{"line":292,"column":21},"end":{"line":292,"column":51}},"203":{"start":{"line":293,"column":24},"end":{"line":293,"column":46}},"204":{"start":{"line":294,"column":18},"end":{"line":294,"column":50}},"205":{"start":{"line":295,"column":4},"end":{"line":297,"column":5}},"206":{"start":{"line":295,"column":17},"end":{"line":295,"column":18}},"207":{"start":{"line":296,"column":6},"end":{"line":296,"column":56}},"208":{"start":{"line":296,"column":36},"end":{"line":296,"column":56}},"209":{"start":{"line":298,"column":4},"end":{"line":298,"column":38}},"210":{"start":{"line":302,"column":21},"end":{"line":302,"column":51}},"211":{"start":{"line":303,"column":24},"end":{"line":303,"column":46}},"212":{"start":{"line":304,"column":18},"end":{"line":304,"column":50}},"213":{"start":{"line":305,"column":4},"end":{"line":307,"column":5}},"214":{"start":{"line":305,"column":17},"end":{"line":305,"column":18}},"215":{"start":{"line":306,"column":6},"end":{"line":306,"column":55}},"216":{"start":{"line":306,"column":35},"end":{"line":306,"column":55}},"217":{"start":{"line":308,"column":4},"end":{"line":308,"column":38}},"218":{"start":{"line":312,"column":21},"end":{"line":312,"column":51}},"219":{"start":{"line":313,"column":24},"end":{"line":313,"column":46}},"220":{"start":{"line":314,"column":23},"end":{"line":314,"column":60}},"221":{"start":{"line":315,"column":19},"end":{"line":315,"column":21}},"222":{"start":{"line":316,"column":4},"end":{"line":324,"column":5}},"223":{"start":{"line":317,"column":6},"end":{"line":317,"column":28}},"224":{"start":{"line":319,"column":6},"end":{"line":323,"column":9}},"225":{"start":{"line":320,"column":22},"end":{"line":320,"column":50}},"226":{"start":{"line":321,"column":8},"end":{"line":321,"column":48}},"227":{"start":{"line":321,"column":32},"end":{"line":321,"column":48}},"228":{"start":{"line":322,"column":8},"end":{"line":322,"column":26}},"229":{"start":{"line":325,"column":4},"end":{"line":325,"column":61}},"230":{"start":{"line":326,"column":4},"end":{"line":326,"column":77}},"231":{"start":{"line":330,"column":21},"end":{"line":330,"column":51}},"232":{"start":{"line":331,"column":24},"end":{"line":331,"column":46}},"233":{"start":{"line":332,"column":18},"end":{"line":332,"column":42}},"234":{"start":{"line":333,"column":19},"end":{"line":333,"column":43}},"235":{"start":{"line":334,"column":19},"end":{"line":334,"column":70}},"236":{"start":{"line":335,"column":4},"end":{"line":335,"column":30}},"237":{"start":{"line":336,"column":4},"end":{"line":336,"column":30}},"238":{"start":{"line":337,"column":4},"end":{"line":337,"column":27}},"239":{"start":{"line":338,"column":4},"end":{"line":338,"column":34}},"240":{"start":{"line":339,"column":4},"end":{"line":339,"column":24}},"241":{"start":{"line":340,"column":4},"end":{"line":340,"column":54}},"242":{"start":{"line":341,"column":4},"end":{"line":341,"column":91}},"243":{"start":{"line":342,"column":4},"end":{"line":342,"column":21}},"244":{"start":{"line":343,"column":4},"end":{"line":343,"column":27}},"245":{"start":{"line":347,"column":21},"end":{"line":347,"column":51}},"246":{"start":{"line":348,"column":24},"end":{"line":348,"column":46}},"247":{"start":{"line":349,"column":18},"end":{"line":349,"column":42}},"248":{"start":{"line":350,"column":19},"end":{"line":350,"column":43}},"249":{"start":{"line":351,"column":19},"end":{"line":351,"column":70}},"250":{"start":{"line":352,"column":4},"end":{"line":352,"column":24}},"251":{"start":{"line":353,"column":4},"end":{"line":353,"column":54}},"252":{"start":{"line":354,"column":4},"end":{"line":354,"column":52}},"253":{"start":{"line":355,"column":4},"end":{"line":355,"column":91}},"254":{"start":{"line":356,"column":4},"end":{"line":356,"column":19}},"255":{"start":{"line":357,"column":4},"end":{"line":357,"column":21}},"256":{"start":{"line":358,"column":4},"end":{"line":358,"column":27}},"257":{"start":{"line":362,"column":21},"end":{"line":362,"column":51}},"258":{"start":{"line":363,"column":24},"end":{"line":363,"column":46}},"259":{"start":{"line":364,"column":4},"end":{"line":364,"column":26}},"260":{"start":{"line":365,"column":4},"end":{"line":365,"column":54}},"261":{"start":{"line":366,"column":18},"end":{"line":366,"column":42}},"262":{"start":{"line":367,"column":19},"end":{"line":367,"column":43}},"263":{"start":{"line":368,"column":4},"end":{"line":368,"column":90}},"264":{"start":{"line":369,"column":4},"end":{"line":369,"column":27}},"265":{"start":{"line":373,"column":21},"end":{"line":373,"column":51}},"266":{"start":{"line":374,"column":24},"end":{"line":374,"column":46}},"267":{"start":{"line":375,"column":18},"end":{"line":375,"column":42}},"268":{"start":{"line":376,"column":19},"end":{"line":376,"column":43}},"269":{"start":{"line":377,"column":4},"end":{"line":377,"column":26}},"270":{"start":{"line":378,"column":4},"end":{"line":378,"column":52}},"271":{"start":{"line":379,"column":4},"end":{"line":379,"column":88}},"272":{"start":{"line":380,"column":4},"end":{"line":380,"column":27}},"273":{"start":{"line":384,"column":21},"end":{"line":384,"column":51}},"274":{"start":{"line":385,"column":24},"end":{"line":385,"column":46}},"275":{"start":{"line":386,"column":4},"end":{"line":386,"column":24}},"276":{"start":{"line":387,"column":4},"end":{"line":387,"column":26}},"277":{"start":{"line":388,"column":4},"end":{"line":388,"column":52}},"278":{"start":{"line":389,"column":4},"end":{"line":389,"column":54}},"279":{"start":{"line":390,"column":4},"end":{"line":390,"column":75}},"280":{"start":{"line":391,"column":4},"end":{"line":391,"column":37}},"281":{"start":{"line":392,"column":4},"end":{"line":392,"column":21}},"282":{"start":{"line":393,"column":4},"end":{"line":393,"column":27}},"283":{"start":{"line":397,"column":21},"end":{"line":397,"column":51}},"284":{"start":{"line":398,"column":24},"end":{"line":398,"column":46}},"285":{"start":{"line":399,"column":4},"end":{"line":399,"column":34}},"286":{"start":{"line":403,"column":21},"end":{"line":403,"column":51}},"287":{"start":{"line":404,"column":24},"end":{"line":404,"column":46}},"288":{"start":{"line":405,"column":4},"end":{"line":405,"column":34}},"289":{"start":{"line":406,"column":4},"end":{"line":406,"column":52}},"290":{"start":{"line":407,"column":4},"end":{"line":407,"column":33}},"291":{"start":{"line":411,"column":4},"end":{"line":411,"column":39}},"292":{"start":{"line":413,"column":4},"end":{"line":422,"column":7}},"293":{"start":{"line":414,"column":22},"end":{"line":414,"column":47}},"294":{"start":{"line":415,"column":6},"end":{"line":415,"column":63}},"295":{"start":{"line":416,"column":23},"end":{"line":416,"column":53}},"296":{"start":{"line":417,"column":6},"end":{"line":417,"column":34}},"297":{"start":{"line":418,"column":6},"end":{"line":418,"column":35}},"298":{"start":{"line":419,"column":6},"end":{"line":419,"column":49}},"299":{"start":{"line":420,"column":6},"end":{"line":420,"column":49}},"300":{"start":{"line":421,"column":6},"end":{"line":421,"column":149}},"301":{"start":{"line":421,"column":91},"end":{"line":421,"column":147}},"302":{"start":{"line":426,"column":20},"end":{"line":426,"column":35}},"303":{"start":{"line":427,"column":17},"end":{"line":427,"column":21}},"304":{"start":{"line":428,"column":19},"end":{"line":428,"column":66}},"305":{"start":{"line":429,"column":4},"end":{"line":429,"column":32}},"306":{"start":{"line":430,"column":4},"end":{"line":430,"column":64}},"307":{"start":{"line":431,"column":4},"end":{"line":437,"column":5}},"308":{"start":{"line":432,"column":6},"end":{"line":432,"column":62}},"309":{"start":{"line":433,"column":11},"end":{"line":437,"column":5}},"310":{"start":{"line":434,"column":6},"end":{"line":434,"column":62}},"311":{"start":{"line":435,"column":6},"end":{"line":435,"column":67}},"312":{"start":{"line":436,"column":6},"end":{"line":436,"column":50}},"313":{"start":{"line":438,"column":4},"end":{"line":438,"column":46}},"314":{"start":{"line":442,"column":21},"end":{"line":442,"column":51}},"315":{"start":{"line":443,"column":4},"end":{"line":443,"column":29}},"316":{"start":{"line":444,"column":4},"end":{"line":444,"column":29}},"317":{"start":{"line":448,"column":21},"end":{"line":448,"column":51}},"318":{"start":{"line":449,"column":4},"end":{"line":449,"column":29}},"319":{"start":{"line":450,"column":4},"end":{"line":450,"column":29}},"320":{"start":{"line":451,"column":20},"end":{"line":451,"column":35}},"321":{"start":{"line":452,"column":4},"end":{"line":452,"column":45}},"322":{"start":{"line":453,"column":4},"end":{"line":453,"column":50}},"323":{"start":{"line":454,"column":4},"end":{"line":457,"column":7}},"324":{"start":{"line":455,"column":6},"end":{"line":455,"column":47}},"325":{"start":{"line":456,"column":6},"end":{"line":456,"column":55}},"326":{"start":{"line":458,"column":4},"end":{"line":461,"column":7}},"327":{"start":{"line":459,"column":6},"end":{"line":459,"column":47}},"328":{"start":{"line":460,"column":6},"end":{"line":460,"column":55}},"329":{"start":{"line":465,"column":19},"end":{"line":465,"column":66}},"330":{"start":{"line":466,"column":4},"end":{"line":466,"column":61}},"331":{"start":{"line":467,"column":4},"end":{"line":467,"column":68}},"332":{"start":{"line":468,"column":4},"end":{"line":468,"column":63}},"333":{"start":{"line":469,"column":4},"end":{"line":469,"column":59}},"334":{"start":{"line":473,"column":22},"end":{"line":473,"column":97}},"335":{"start":{"line":474,"column":22},"end":{"line":474,"column":99}},"336":{"start":{"line":475,"column":4},"end":{"line":475,"column":42}},"337":{"start":{"line":479,"column":17},"end":{"line":479,"column":65}},"338":{"start":{"line":480,"column":17},"end":{"line":480,"column":38}},"339":{"start":{"line":481,"column":22},"end":{"line":481,"column":70}},"340":{"start":{"line":482,"column":22},"end":{"line":482,"column":122}},"341":{"start":{"line":483,"column":4},"end":{"line":483,"column":44}},"342":{"start":{"line":484,"column":4},"end":{"line":484,"column":43}}},"fnMap":{"0":{"name":"(anonymous_0)","decl":{"start":{"line":2,"column":2},"end":{"line":2,"column":3}},"loc":{"start":{"line":2,"column":51},"end":{"line":12,"column":3}},"line":2},"1":{"name":"(anonymous_1)","decl":{"start":{"line":14,"column":2},"end":{"line":14,"column":3}},"loc":{"start":{"line":14,"column":14},"end":{"line":138,"column":3}},"line":14},"2":{"name":"(anonymous_2)","decl":{"start":{"line":15,"column":42},"end":{"line":15,"column":43}},"loc":{"start":{"line":15,"column":49},"end":{"line":77,"column":5}},"line":15},"3":{"name":"(anonymous_3)","decl":{"start":{"line":78,"column":44},"end":{"line":78,"column":45}},"loc":{"start":{"line":78,"column":51},"end":{"line":137,"column":5}},"line":78},"4":{"name":"(anonymous_4)","decl":{"start":{"line":140,"column":2},"end":{"line":140,"column":3}},"loc":{"start":{"line":140,"column":31},"end":{"line":145,"column":3}},"line":140},"5":{"name":"(anonymous_5)","decl":{"start":{"line":147,"column":2},"end":{"line":147,"column":3}},"loc":{"start":{"line":147,"column":10},"end":{"line":156,"column":3}},"line":147},"6":{"name":"(anonymous_6)","decl":{"start":{"line":158,"column":2},"end":{"line":158,"column":3}},"loc":{"start":{"line":158,"column":11},"end":{"line":177,"column":3}},"line":158},"7":{"name":"(anonymous_7)","decl":{"start":{"line":172,"column":20},"end":{"line":172,"column":21}},"loc":{"start":{"line":172,"column":33},"end":{"line":174,"column":5}},"line":172},"8":{"name":"(anonymous_8)","decl":{"start":{"line":179,"column":2},"end":{"line":179,"column":3}},"loc":{"start":{"line":179,"column":11},"end":{"line":198,"column":3}},"line":179},"9":{"name":"(anonymous_9)","decl":{"start":{"line":193,"column":20},"end":{"line":193,"column":21}},"loc":{"start":{"line":193,"column":33},"end":{"line":195,"column":5}},"line":193},"10":{"name":"(anonymous_10)","decl":{"start":{"line":200,"column":2},"end":{"line":200,"column":3}},"loc":{"start":{"line":200,"column":10},"end":{"line":262,"column":3}},"line":200},"11":{"name":"(anonymous_11)","decl":{"start":{"line":264,"column":2},"end":{"line":264,"column":3}},"loc":{"start":{"line":264,"column":70},"end":{"line":273,"column":3}},"line":264},"12":{"name":"(anonymous_12)","decl":{"start":{"line":275,"column":2},"end":{"line":275,"column":3}},"loc":{"start":{"line":275,"column":57},"end":{"line":281,"column":3}},"line":275},"13":{"name":"(anonymous_13)","decl":{"start":{"line":283,"column":2},"end":{"line":283,"column":3}},"loc":{"start":{"line":283,"column":50},"end":{"line":289,"column":3}},"line":283},"14":{"name":"(anonymous_14)","decl":{"start":{"line":291,"column":2},"end":{"line":291,"column":3}},"loc":{"start":{"line":291,"column":10},"end":{"line":299,"column":3}},"line":291},"15":{"name":"(anonymous_15)","decl":{"start":{"line":301,"column":2},"end":{"line":301,"column":3}},"loc":{"start":{"line":301,"column":11},"end":{"line":309,"column":3}},"line":301},"16":{"name":"(anonymous_16)","decl":{"start":{"line":311,"column":2},"end":{"line":311,"column":3}},"loc":{"start":{"line":311,"column":15},"end":{"line":327,"column":3}},"line":311},"17":{"name":"(anonymous_17)","decl":{"start":{"line":319,"column":25},"end":{"line":319,"column":26}},"loc":{"start":{"line":319,"column":38},"end":{"line":323,"column":7}},"line":319},"18":{"name":"(anonymous_18)","decl":{"start":{"line":329,"column":2},"end":{"line":329,"column":3}},"loc":{"start":{"line":329,"column":12},"end":{"line":344,"column":3}},"line":329},"19":{"name":"(anonymous_19)","decl":{"start":{"line":346,"column":2},"end":{"line":346,"column":3}},"loc":{"start":{"line":346,"column":16},"end":{"line":359,"column":3}},"line":346},"20":{"name":"(anonymous_20)","decl":{"start":{"line":361,"column":2},"end":{"line":361,"column":3}},"loc":{"start":{"line":361,"column":12},"end":{"line":370,"column":3}},"line":361},"21":{"name":"(anonymous_21)","decl":{"start":{"line":372,"column":2},"end":{"line":372,"column":3}},"loc":{"start":{"line":372,"column":16},"end":{"line":381,"column":3}},"line":372},"22":{"name":"(anonymous_22)","decl":{"start":{"line":383,"column":2},"end":{"line":383,"column":3}},"loc":{"start":{"line":383,"column":10},"end":{"line":394,"column":3}},"line":383},"23":{"name":"(anonymous_23)","decl":{"start":{"line":396,"column":2},"end":{"line":396,"column":3}},"loc":{"start":{"line":396,"column":11},"end":{"line":400,"column":3}},"line":396},"24":{"name":"(anonymous_24)","decl":{"start":{"line":402,"column":2},"end":{"line":402,"column":3}},"loc":{"start":{"line":402,"column":10},"end":{"line":408,"column":3}},"line":402},"25":{"name":"(anonymous_25)","decl":{"start":{"line":410,"column":2},"end":{"line":410,"column":3}},"loc":{"start":{"line":410,"column":9},"end":{"line":423,"column":3}},"line":410},"26":{"name":"(anonymous_26)","decl":{"start":{"line":413,"column":82},"end":{"line":413,"column":83}},"loc":{"start":{"line":413,"column":89},"end":{"line":422,"column":5}},"line":413},"27":{"name":"(anonymous_27)","decl":{"start":{"line":421,"column":85},"end":{"line":421,"column":86}},"loc":{"start":{"line":421,"column":91},"end":{"line":421,"column":147}},"line":421},"28":{"name":"(anonymous_28)","decl":{"start":{"line":425,"column":2},"end":{"line":425,"column":3}},"loc":{"start":{"line":425,"column":60},"end":{"line":439,"column":3}},"line":425},"29":{"name":"(anonymous_29)","decl":{"start":{"line":441,"column":2},"end":{"line":441,"column":3}},"loc":{"start":{"line":441,"column":20},"end":{"line":445,"column":3}},"line":441},"30":{"name":"(anonymous_30)","decl":{"start":{"line":447,"column":2},"end":{"line":447,"column":3}},"loc":{"start":{"line":447,"column":29},"end":{"line":462,"column":3}},"line":447},"31":{"name":"(anonymous_31)","decl":{"start":{"line":454,"column":39},"end":{"line":454,"column":40}},"loc":{"start":{"line":454,"column":45},"end":{"line":457,"column":5}},"line":454},"32":{"name":"(anonymous_32)","decl":{"start":{"line":458,"column":42},"end":{"line":458,"column":43}},"loc":{"start":{"line":458,"column":48},"end":{"line":461,"column":5}},"line":458},"33":{"name":"(anonymous_33)","decl":{"start":{"line":464,"column":2},"end":{"line":464,"column":3}},"loc":{"start":{"line":464,"column":25},"end":{"line":470,"column":3}},"line":464},"34":{"name":"(anonymous_34)","decl":{"start":{"line":472,"column":2},"end":{"line":472,"column":3}},"loc":{"start":{"line":472,"column":28},"end":{"line":476,"column":3}},"line":472},"35":{"name":"(anonymous_35)","decl":{"start":{"line":478,"column":2},"end":{"line":478,"column":3}},"loc":{"start":{"line":478,"column":20},"end":{"line":485,"column":3}},"line":478}},"branchMap":{"0":{"loc":{"start":{"line":17,"column":6},"end":{"line":76,"column":7}},"type":"switch","locations":[{"start":{"line":18,"column":8},"end":{"line":21,"column":16}},{"start":{"line":22,"column":8},"end":{"line":25,"column":16}},{"start":{"line":26,"column":8},"end":{"line":29,"column":16}},{"start":{"line":30,"column":8},"end":{"line":33,"column":16}},{"start":{"line":34,"column":8},"end":{"line":37,"column":16}},{"start":{"line":38,"column":8},"end":{"line":41,"column":16}},{"start":{"line":42,"column":8},"end":{"line":45,"column":16}},{"start":{"line":46,"column":8},"end":{"line":49,"column":16}},{"start":{"line":50,"column":8},"end":{"line":53,"column":16}},{"start":{"line":54,"column":8},"end":{"line":57,"column":16}},{"start":{"line":58,"column":8},"end":{"line":61,"column":16}},{"start":{"line":62,"column":8},"end":{"line":65,"column":16}},{"start":{"line":66,"column":8},"end":{"line":69,"column":16}},{"start":{"line":70,"column":8},"end":{"line":73,"column":16}},{"start":{"line":74,"column":8},"end":{"line":75,"column":38}}],"line":17},"1":{"loc":{"start":{"line":79,"column":6},"end":{"line":136,"column":7}},"type":"if","locations":[{"start":{"line":79,"column":6},"end":{"line":136,"column":7}},{"start":{"line":79,"column":6},"end":{"line":136,"column":7}}],"line":79},"2":{"loc":{"start":{"line":84,"column":8},"end":{"line":86,"column":9}},"type":"if","locations":[{"start":{"line":84,"column":8},"end":{"line":86,"column":9}},{"start":{"line":84,"column":8},"end":{"line":86,"column":9}}],"line":84},"3":{"loc":{"start":{"line":90,"column":8},"end":{"line":135,"column":9}},"type":"switch","locations":[{"start":{"line":91,"column":10},"end":{"line":93,"column":18}},{"start":{"line":94,"column":10},"end":{"line":96,"column":18}},{"start":{"line":97,"column":10},"end":{"line":99,"column":18}},{"start":{"line":100,"column":10},"end":{"line":102,"column":18}},{"start":{"line":103,"column":10},"end":{"line":105,"column":18}},{"start":{"line":106,"column":10},"end":{"line":108,"column":18}},{"start":{"line":109,"column":10},"end":{"line":111,"column":18}},{"start":{"line":112,"column":10},"end":{"line":114,"column":18}},{"start":{"line":115,"column":10},"end":{"line":117,"column":18}},{"start":{"line":118,"column":10},"end":{"line":120,"column":18}},{"start":{"line":121,"column":10},"end":{"line":123,"column":18}},{"start":{"line":124,"column":10},"end":{"line":126,"column":18}},{"start":{"line":127,"column":10},"end":{"line":129,"column":18}},{"start":{"line":130,"column":10},"end":{"line":132,"column":18}},{"start":{"line":133,"column":10},"end":{"line":134,"column":40}}],"line":90},"4":{"loc":{"start":{"line":141,"column":4},"end":{"line":143,"column":5}},"type":"if","locations":[{"start":{"line":141,"column":4},"end":{"line":143,"column":5}},{"start":{"line":141,"column":4},"end":{"line":143,"column":5}}],"line":141},"5":{"loc":{"start":{"line":144,"column":4},"end":{"line":144,"column":146}},"type":"if","locations":[{"start":{"line":144,"column":4},"end":{"line":144,"column":146}},{"start":{"line":144,"column":4},"end":{"line":144,"column":146}}],"line":144},"6":{"loc":{"start":{"line":215,"column":11},"end":{"line":216,"column":65}},"type":"binary-expr","locations":[{"start":{"line":215,"column":11},"end":{"line":215,"column":41}},{"start":{"line":216,"column":9},"end":{"line":216,"column":65}}],"line":215},"7":{"loc":{"start":{"line":217,"column":6},"end":{"line":220,"column":7}},"type":"if","locations":[{"start":{"line":217,"column":6},"end":{"line":220,"column":7}},{"start":{"line":217,"column":6},"end":{"line":220,"column":7}}],"line":217},"8":{"loc":{"start":{"line":219,"column":8},"end":{"line":219,"column":67}},"type":"if","locations":[{"start":{"line":219,"column":8},"end":{"line":219,"column":67}},{"start":{"line":219,"column":8},"end":{"line":219,"column":67}}],"line":219},"9":{"loc":{"start":{"line":221,"column":6},"end":{"line":224,"column":7}},"type":"if","locations":[{"start":{"line":221,"column":6},"end":{"line":224,"column":7}},{"start":{"line":221,"column":6},"end":{"line":224,"column":7}}],"line":221},"10":{"loc":{"start":{"line":223,"column":8},"end":{"line":223,"column":71}},"type":"if","locations":[{"start":{"line":223,"column":8},"end":{"line":223,"column":71}},{"start":{"line":223,"column":8},"end":{"line":223,"column":71}}],"line":223},"11":{"loc":{"start":{"line":232,"column":13},"end":{"line":233,"column":63}},"type":"binary-expr","locations":[{"start":{"line":232,"column":13},"end":{"line":232,"column":39}},{"start":{"line":233,"column":11},"end":{"line":233,"column":63}}],"line":232},"12":{"loc":{"start":{"line":234,"column":8},"end":{"line":240,"column":9}},"type":"if","locations":[{"start":{"line":234,"column":8},"end":{"line":240,"column":9}},{"start":{"line":234,"column":8},"end":{"line":240,"column":9}}],"line":234},"13":{"loc":{"start":{"line":234,"column":12},"end":{"line":235,"column":56}},"type":"binary-expr","locations":[{"start":{"line":234,"column":12},"end":{"line":234,"column":68}},{"start":{"line":235,"column":13},"end":{"line":235,"column":34}},{"start":{"line":235,"column":38},"end":{"line":235,"column":56}}],"line":234},"14":{"loc":{"start":{"line":249,"column":13},"end":{"line":250,"column":64}},"type":"binary-expr","locations":[{"start":{"line":249,"column":13},"end":{"line":249,"column":40}},{"start":{"line":250,"column":11},"end":{"line":250,"column":64}}],"line":249},"15":{"loc":{"start":{"line":251,"column":8},"end":{"line":256,"column":9}},"type":"if","locations":[{"start":{"line":251,"column":8},"end":{"line":256,"column":9}},{"start":{"line":251,"column":8},"end":{"line":256,"column":9}}],"line":251},"16":{"loc":{"start":{"line":251,"column":12},"end":{"line":252,"column":59}},"type":"binary-expr","locations":[{"start":{"line":251,"column":12},"end":{"line":251,"column":69}},{"start":{"line":252,"column":13},"end":{"line":252,"column":35}},{"start":{"line":252,"column":39},"end":{"line":252,"column":59}}],"line":251},"17":{"loc":{"start":{"line":255,"column":10},"end":{"line":255,"column":71}},"type":"if","locations":[{"start":{"line":255,"column":10},"end":{"line":255,"column":71}},{"start":{"line":255,"column":10},"end":{"line":255,"column":71}}],"line":255},"18":{"loc":{"start":{"line":277,"column":11},"end":{"line":277,"column":80}},"type":"binary-expr","locations":[{"start":{"line":277,"column":11},"end":{"line":277,"column":22}},{"start":{"line":277,"column":26},"end":{"line":277,"column":80}}],"line":277},"19":{"loc":{"start":{"line":287,"column":4},"end":{"line":287,"column":81}},"type":"if","locations":[{"start":{"line":287,"column":4},"end":{"line":287,"column":81}},{"start":{"line":287,"column":4},"end":{"line":287,"column":81}}],"line":287},"20":{"loc":{"start":{"line":287,"column":8},"end":{"line":287,"column":67}},"type":"binary-expr","locations":[{"start":{"line":287,"column":8},"end":{"line":287,"column":25}},{"start":{"line":287,"column":29},"end":{"line":287,"column":46}},{"start":{"line":287,"column":50},"end":{"line":287,"column":67}}],"line":287},"21":{"loc":{"start":{"line":296,"column":6},"end":{"line":296,"column":56}},"type":"if","locations":[{"start":{"line":296,"column":6},"end":{"line":296,"column":56}},{"start":{"line":296,"column":6},"end":{"line":296,"column":56}}],"line":296},"22":{"loc":{"start":{"line":306,"column":6},"end":{"line":306,"column":55}},"type":"if","locations":[{"start":{"line":306,"column":6},"end":{"line":306,"column":55}},{"start":{"line":306,"column":6},"end":{"line":306,"column":55}}],"line":306},"23":{"loc":{"start":{"line":316,"column":4},"end":{"line":324,"column":5}},"type":"if","locations":[{"start":{"line":316,"column":4},"end":{"line":324,"column":5}},{"start":{"line":316,"column":4},"end":{"line":324,"column":5}}],"line":316},"24":{"loc":{"start":{"line":321,"column":8},"end":{"line":321,"column":48}},"type":"if","locations":[{"start":{"line":321,"column":8},"end":{"line":321,"column":48}},{"start":{"line":321,"column":8},"end":{"line":321,"column":48}}],"line":321},"25":{"loc":{"start":{"line":425,"column":27},"end":{"line":425,"column":44}},"type":"default-arg","locations":[{"start":{"line":425,"column":40},"end":{"line":425,"column":44}}],"line":425},"26":{"loc":{"start":{"line":425,"column":46},"end":{"line":425,"column":58}},"type":"default-arg","locations":[{"start":{"line":425,"column":54},"end":{"line":425,"column":58}}],"line":425},"27":{"loc":{"start":{"line":431,"column":4},"end":{"line":437,"column":5}},"type":"if","locations":[{"start":{"line":431,"column":4},"end":{"line":437,"column":5}},{"start":{"line":431,"column":4},"end":{"line":437,"column":5}}],"line":431},"28":{"loc":{"start":{"line":433,"column":11},"end":{"line":437,"column":5}},"type":"if","locations":[{"start":{"line":433,"column":11},"end":{"line":437,"column":5}},{"start":{"line":433,"column":11},"end":{"line":437,"column":5}}],"line":433}},"s":{"0":1,"1":1,"2":1,"3":1,"4":1,"5":1,"6":1,"7":1,"8":1,"9":0,"10":0,"11":0,"12":0,"13":0,"14":0,"15":0,"16":0,"17":0,"18":0,"19":0,"20":0,"21":0,"22":0,"23":0,"24":0,"25":0,"26":0,"27":0,"28":0,"29":0,"30":0,"31":0,"32":0,"33":0,"34":0,"35":0,"36":0,"37":0,"38":0,"39":0,"40":0,"41":0,"42":0,"43":0,"44":0,"45":0,"46":0,"47":0,"48":0,"49":0,"50":0,"51":0,"52":0,"53":0,"54":0,"55":0,"56":0,"57":0,"58":0,"59":0,"60":0,"61":0,"62":0,"63":0,"64":0,"65":0,"66":0,"67":0,"68":0,"69":0,"70":0,"71":0,"72":0,"73":0,"74":0,"75":0,"76":0,"77":0,"78":0,"79":0,"80":0,"81":0,"82":0,"83":0,"84":0,"85":0,"86":0,"87":0,"88":0,"89":0,"90":0,"91":0,"92":0,"93":0,"94":0,"95":0,"96":0,"97":0,"98":0,"99":0,"100":0,"101":0,"102":0,"103":0,"104":0,"105":0,"106":0,"107":0,"108":0,"109":0,"110":0,"111":0,"112":0,"113":0,"114":0,"115":0,"116":0,"117":0,"118":0,"119":0,"120":0,"121":0,"122":0,"123":0,"124":0,"125":0,"126":0,"127":0,"128":0,"129":0,"130":0,"131":0,"132":0,"133":0,"134":0,"135":0,"136":0,"137":0,"138":0,"139":0,"140":0,"141":0,"142":0,"143":0,"144":0,"145":0,"146":0,"147":0,"148":0,"149":0,"150":0,"151":0,"152":0,"153":0,"154":0,"155":0,"156":0,"157":0,"158":0,"159":0,"160":0,"161":0,"162":0,"163":0,"164":0,"165":0,"166":0,"167":0,"168":0,"169":0,"170":0,"171":0,"172":0,"173":0,"174":0,"175":0,"176":0,"177":0,"178":0,"179":0,"180":0,"181":0,"182":0,"183":0,"184":0,"185":0,"186":0,"187":0,"188":0,"189":0,"190":0,"191":0,"192":0,"193":0,"194":0,"195":0,"196":0,"197":0,"198":0,"199":0,"200":0,"201":0,"202":0,"203":0,"204":0,"205":0,"206":0,"207":0,"208":0,"209":0,"210":0,"211":0,"212":0,"213":0,"214":0,"215":0,"216":0,"217":0,"218":0,"219":0,"220":0,"221":0,"222":0,"223":0,"224":0,"225":0,"226":0,"227":0,"228":0,"229":0,"230":0,"231":0,"232":0,"233":0,"234":0,"235":0,"236":0,"237":0,"238":0,"239":0,"240":0,"241":0,"242":0,"243":0,"244":0,"245":0,"246":0,"247":0,"248":0,"249":0,"250":0,"251":0,"252":0,"253":0,"254":0,"255":0,"256":0,"257":0,"258":0,"259":0,"260":0,"261":0,"262":0,"263":0,"264":0,"265":0,"266":0,"267":0,"268":0,"269":0,"270":0,"271":0,"272":0,"273":0,"274":0,"275":0,"276":0,"277":0,"278":0,"279":0,"280":0,"281":0,"282":0,"283":1,"284":1,"285":1,"286":1,"287":1,"288":1,"289":1,"290":1,"291":0,"292":0,"293":0,"294":0,"295":0,"296":0,"297":0,"298":0,"299":0,"300":0,"301":0,"302":0,"303":0,"304":0,"305":0,"306":0,"307":0,"308":0,"309":0,"310":0,"311":0,"312":0,"313":0,"314":1,"315":1,"316":1,"317":0,"318":0,"319":0,"320":0,"321":0,"322":0,"323":0,"324":0,"325":0,"326":0,"327":0,"328":0,"329":0,"330":0,"331":0,"332":0,"333":0,"334":4,"335":4,"336":4,"337":0,"338":0,"339":0,"340":0,"341":0,"342":0},"f":{"0":1,"1":0,"2":0,"3":0,"4":0,"5":0,"6":0,"7":0,"8":0,"9":0,"10":0,"11":0,"12":0,"13":0,"14":0,"15":0,"16":0,"17":0,"18":0,"19":0,"20":0,"21":0,"22":0,"23":1,"24":1,"25":0,"26":0,"27":0,"28":0,"29":1,"30":0,"31":0,"32":0,"33":0,"34":4,"35":0},"b":{"0":[0,0,0,0,0,0,0,0,0,0,0,0,0,0,0],"1":[0,0],"2":[0,0],"3":[0,0,0,0,0,0,0,0,0,0,0,0,0,0,0],"4":[0,0],"5":[0,0],"6":[0,0],"7":[0,0],"8":[0,0],"9":[0,0],"10":[0,0],"11":[0,0],"12":[0,0],"13":[0,0,0],"14":[0,0],"15":[0,0],"16":[0,0,0],"17":[0,0],"18":[0,0],"19":[0,0],"20":[0,0,0],"21":[0,0],"22":[0,0],"23":[0,0],"24":[0,0],"25":[0],"26":[0],"27":[0,0],"28":[0,0]},"_coverageSchema":"43e27e138ebf9cfc5966b082cf9a028302ed4184","hash":"d77752b13a5c242afe6a1f78c060d45df36a0482"}
,"C:\\Users\\geras\\Desktop\\js\\Gerasik-2019Q1\\piskel-clone\\src\\views\\AppAnimationPlayer\\AppAnimationPlayer.js": {"path":"C:\\Users\\geras\\Desktop\\js\\Gerasik-2019Q1\\piskel-clone\\src\\views\\AppAnimationPlayer\\AppAnimationPlayer.js","statementMap":{"0":{"start":{"line":3,"column":4},"end":{"line":3,"column":31}},"1":{"start":{"line":4,"column":4},"end":{"line":4,"column":35}},"2":{"start":{"line":5,"column":4},"end":{"line":5,"column":33}},"3":{"start":{"line":9,"column":28},"end":{"line":9,"column":61}},"4":{"start":{"line":10,"column":4},"end":{"line":10,"column":50}},"5":{"start":{"line":11,"column":4},"end":{"line":14,"column":128}},"6":{"start":{"line":15,"column":4},"end":{"line":15,"column":50}},"7":{"start":{"line":16,"column":4},"end":{"line":16,"column":27}},"8":{"start":{"line":20,"column":22},"end":{"line":20,"column":36}},"9":{"start":{"line":21,"column":21},"end":{"line":21,"column":52}},"10":{"start":{"line":22,"column":4},"end":{"line":22,"column":45}},"11":{"start":{"line":23,"column":4},"end":{"line":23,"column":31}}},"fnMap":{"0":{"name":"(anonymous_0)","decl":{"start":{"line":2,"column":2},"end":{"line":2,"column":3}},"loc":{"start":{"line":2,"column":50},"end":{"line":6,"column":3}},"line":2},"1":{"name":"(anonymous_1)","decl":{"start":{"line":8,"column":2},"end":{"line":8,"column":3}},"loc":{"start":{"line":8,"column":11},"end":{"line":17,"column":3}},"line":8},"2":{"name":"(anonymous_2)","decl":{"start":{"line":19,"column":2},"end":{"line":19,"column":3}},"loc":{"start":{"line":19,"column":15},"end":{"line":24,"column":3}},"line":19}},"branchMap":{},"s":{"0":1,"1":1,"2":1,"3":1,"4":1,"5":1,"6":1,"7":1,"8":1,"9":1,"10":1,"11":1},"f":{"0":1,"1":1,"2":1},"b":{},"_coverageSchema":"43e27e138ebf9cfc5966b082cf9a028302ed4184","hash":"0ecc46f5587cbc1e26716744bd2d5a3ce2213dfd"}
,"C:\\Users\\geras\\Desktop\\js\\Gerasik-2019Q1\\piskel-clone\\src\\views\\AppContainer\\AppContainer.js": {"path":"C:\\Users\\geras\\Desktop\\js\\Gerasik-2019Q1\\piskel-clone\\src\\views\\AppContainer\\AppContainer.js","statementMap":{"0":{"start":{"line":3,"column":4},"end":{"line":3,"column":31}},"1":{"start":{"line":4,"column":4},"end":{"line":4,"column":22}},"2":{"start":{"line":8,"column":22},"end":{"line":8,"column":55}},"3":{"start":{"line":9,"column":4},"end":{"line":9,"column":44}},"4":{"start":{"line":10,"column":4},"end":{"line":10,"column":41}},"5":{"start":{"line":11,"column":4},"end":{"line":11,"column":27}}},"fnMap":{"0":{"name":"(anonymous_0)","decl":{"start":{"line":2,"column":2},"end":{"line":2,"column":3}},"loc":{"start":{"line":2,"column":25},"end":{"line":5,"column":3}},"line":2},"1":{"name":"(anonymous_1)","decl":{"start":{"line":7,"column":2},"end":{"line":7,"column":3}},"loc":{"start":{"line":7,"column":11},"end":{"line":12,"column":3}},"line":7}},"branchMap":{},"s":{"0":1,"1":1,"2":1,"3":1,"4":1,"5":1},"f":{"0":1,"1":1},"b":{},"_coverageSchema":"43e27e138ebf9cfc5966b082cf9a028302ed4184","hash":"219cf156431503c1285693475b55a576d15c8d3c"}
,"C:\\Users\\geras\\Desktop\\js\\Gerasik-2019Q1\\piskel-clone\\src\\views\\AppDownloadMenu\\AppDownloadMenu.js": {"path":"C:\\Users\\geras\\Desktop\\js\\Gerasik-2019Q1\\piskel-clone\\src\\views\\AppDownloadMenu\\AppDownloadMenu.js","statementMap":{"0":{"start":{"line":3,"column":4},"end":{"line":3,"column":31}},"1":{"start":{"line":4,"column":4},"end":{"line":4,"column":35}},"2":{"start":{"line":8,"column":25},"end":{"line":8,"column":58}},"3":{"start":{"line":9,"column":4},"end":{"line":9,"column":47}},"4":{"start":{"line":10,"column":4},"end":{"line":12,"column":119}},"5":{"start":{"line":13,"column":4},"end":{"line":13,"column":47}},"6":{"start":{"line":14,"column":4},"end":{"line":14,"column":24}}},"fnMap":{"0":{"name":"(anonymous_0)","decl":{"start":{"line":2,"column":2},"end":{"line":2,"column":3}},"loc":{"start":{"line":2,"column":38},"end":{"line":5,"column":3}},"line":2},"1":{"name":"(anonymous_1)","decl":{"start":{"line":7,"column":2},"end":{"line":7,"column":3}},"loc":{"start":{"line":7,"column":11},"end":{"line":15,"column":3}},"line":7}},"branchMap":{},"s":{"0":1,"1":1,"2":1,"3":1,"4":1,"5":1,"6":1},"f":{"0":1,"1":1},"b":{},"_coverageSchema":"43e27e138ebf9cfc5966b082cf9a028302ed4184","hash":"5270717677d4c26eed89780ed3a2d6e42cebb818"}
,"C:\\Users\\geras\\Desktop\\js\\Gerasik-2019Q1\\piskel-clone\\src\\views\\AppFrameList\\AppFrameList.js": {"path":"C:\\Users\\geras\\Desktop\\js\\Gerasik-2019Q1\\piskel-clone\\src\\views\\AppFrameList\\AppFrameList.js","statementMap":{"0":{"start":{"line":3,"column":4},"end":{"line":3,"column":21}},"1":{"start":{"line":4,"column":4},"end":{"line":4,"column":31}},"2":{"start":{"line":5,"column":4},"end":{"line":5,"column":35}},"3":{"start":{"line":6,"column":4},"end":{"line":6,"column":22}},"4":{"start":{"line":7,"column":4},"end":{"line":7,"column":24}},"5":{"start":{"line":8,"column":4},"end":{"line":8,"column":21}},"6":{"start":{"line":12,"column":22},"end":{"line":12,"column":55}},"7":{"start":{"line":13,"column":4},"end":{"line":13,"column":44}},"8":{"start":{"line":14,"column":4},"end":{"line":17,"column":34}},"9":{"start":{"line":18,"column":4},"end":{"line":18,"column":44}},"10":{"start":{"line":19,"column":4},"end":{"line":19,"column":27}},"11":{"start":{"line":20,"column":4},"end":{"line":22,"column":5}},"12":{"start":{"line":21,"column":6},"end":{"line":21,"column":25}},"13":{"start":{"line":26,"column":21},"end":{"line":26,"column":50}},"14":{"start":{"line":27,"column":19},"end":{"line":27,"column":51}},"15":{"start":{"line":28,"column":19},"end":{"line":28,"column":49}},"16":{"start":{"line":29,"column":19},"end":{"line":29,"column":49}},"17":{"start":{"line":30,"column":17},"end":{"line":30,"column":47}},"18":{"start":{"line":31,"column":17},"end":{"line":31,"column":47}},"19":{"start":{"line":32,"column":4},"end":{"line":32,"column":50}},"20":{"start":{"line":33,"column":4},"end":{"line":33,"column":51}},"21":{"start":{"line":34,"column":4},"end":{"line":34,"column":54}},"22":{"start":{"line":35,"column":4},"end":{"line":35,"column":54}},"23":{"start":{"line":36,"column":4},"end":{"line":36,"column":50}},"24":{"start":{"line":37,"column":4},"end":{"line":37,"column":50}},"25":{"start":{"line":38,"column":4},"end":{"line":38,"column":52}},"26":{"start":{"line":39,"column":4},"end":{"line":39,"column":33}},"27":{"start":{"line":40,"column":4},"end":{"line":40,"column":31}},"28":{"start":{"line":41,"column":4},"end":{"line":41,"column":31}},"29":{"start":{"line":42,"column":4},"end":{"line":42,"column":55}},"30":{"start":{"line":43,"column":4},"end":{"line":43,"column":33}},"31":{"start":{"line":44,"column":4},"end":{"line":44,"column":33}},"32":{"start":{"line":45,"column":4},"end":{"line":45,"column":31}},"33":{"start":{"line":46,"column":4},"end":{"line":46,"column":31}},"34":{"start":{"line":47,"column":4},"end":{"line":47,"column":33}},"35":{"start":{"line":48,"column":4},"end":{"line":48,"column":45}},"36":{"start":{"line":49,"column":4},"end":{"line":53,"column":5}},"37":{"start":{"line":50,"column":6},"end":{"line":50,"column":76}},"38":{"start":{"line":52,"column":6},"end":{"line":52,"column":62}},"39":{"start":{"line":54,"column":4},"end":{"line":54,"column":35}},"40":{"start":{"line":55,"column":4},"end":{"line":55,"column":20}},"41":{"start":{"line":59,"column":4},"end":{"line":59,"column":78}},"42":{"start":{"line":59,"column":22},"end":{"line":59,"column":78}},"43":{"start":{"line":60,"column":4},"end":{"line":60,"column":57}},"44":{"start":{"line":61,"column":4},"end":{"line":61,"column":25}},"45":{"start":{"line":65,"column":21},"end":{"line":65,"column":48}},"46":{"start":{"line":66,"column":22},"end":{"line":66,"column":64}},"47":{"start":{"line":67,"column":22},"end":{"line":67,"column":65}},"48":{"start":{"line":68,"column":17},"end":{"line":68,"column":97}},"49":{"start":{"line":69,"column":4},"end":{"line":69,"column":56}},"50":{"start":{"line":70,"column":4},"end":{"line":70,"column":35}},"51":{"start":{"line":71,"column":4},"end":{"line":71,"column":20}},"52":{"start":{"line":75,"column":21},"end":{"line":75,"column":40}},"53":{"start":{"line":76,"column":4},"end":{"line":79,"column":5}},"54":{"start":{"line":76,"column":17},"end":{"line":76,"column":18}},"55":{"start":{"line":77,"column":21},"end":{"line":77,"column":73}},"56":{"start":{"line":78,"column":6},"end":{"line":78,"column":27}}},"fnMap":{"0":{"name":"(anonymous_0)","decl":{"start":{"line":2,"column":2},"end":{"line":2,"column":3}},"loc":{"start":{"line":2,"column":44},"end":{"line":9,"column":3}},"line":2},"1":{"name":"(anonymous_1)","decl":{"start":{"line":11,"column":2},"end":{"line":11,"column":3}},"loc":{"start":{"line":11,"column":11},"end":{"line":23,"column":3}},"line":11},"2":{"name":"(anonymous_2)","decl":{"start":{"line":25,"column":2},"end":{"line":25,"column":3}},"loc":{"start":{"line":25,"column":25},"end":{"line":56,"column":3}},"line":25},"3":{"name":"(anonymous_3)","decl":{"start":{"line":58,"column":2},"end":{"line":58,"column":3}},"loc":{"start":{"line":58,"column":25},"end":{"line":62,"column":3}},"line":58},"4":{"name":"(anonymous_4)","decl":{"start":{"line":64,"column":2},"end":{"line":64,"column":3}},"loc":{"start":{"line":64,"column":29},"end":{"line":72,"column":3}},"line":64},"5":{"name":"(anonymous_5)","decl":{"start":{"line":74,"column":2},"end":{"line":74,"column":3}},"loc":{"start":{"line":74,"column":16},"end":{"line":80,"column":3}},"line":74}},"branchMap":{"0":{"loc":{"start":{"line":20,"column":4},"end":{"line":22,"column":5}},"type":"if","locations":[{"start":{"line":20,"column":4},"end":{"line":22,"column":5}},{"start":{"line":20,"column":4},"end":{"line":22,"column":5}}],"line":20},"1":{"loc":{"start":{"line":49,"column":4},"end":{"line":53,"column":5}},"type":"if","locations":[{"start":{"line":49,"column":4},"end":{"line":53,"column":5}},{"start":{"line":49,"column":4},"end":{"line":53,"column":5}}],"line":49},"2":{"loc":{"start":{"line":59,"column":4},"end":{"line":59,"column":78}},"type":"if","locations":[{"start":{"line":59,"column":4},"end":{"line":59,"column":78}},{"start":{"line":59,"column":4},"end":{"line":59,"column":78}}],"line":59}},"s":{"0":2,"1":2,"2":2,"3":2,"4":2,"5":2,"6":2,"7":2,"8":2,"9":2,"10":2,"11":2,"12":0,"13":2,"14":2,"15":2,"16":2,"17":2,"18":2,"19":2,"20":2,"21":2,"22":2,"23":2,"24":2,"25":2,"26":2,"27":2,"28":2,"29":2,"30":2,"31":2,"32":2,"33":2,"34":2,"35":2,"36":2,"37":1,"38":1,"39":2,"40":2,"41":4,"42":3,"43":4,"44":4,"45":1,"46":1,"47":1,"48":1,"49":1,"50":1,"51":1,"52":1,"53":1,"54":1,"55":2,"56":2},"f":{"0":2,"1":2,"2":2,"3":4,"4":1,"5":1},"b":{"0":[0,2],"1":[1,1],"2":[3,1]},"_coverageSchema":"43e27e138ebf9cfc5966b082cf9a028302ed4184","hash":"c11446478a80ff0d3511bf84d36690248ac733ce"}
,"C:\\Users\\geras\\Desktop\\js\\Gerasik-2019Q1\\piskel-clone\\src\\views\\AppHeader\\AppHeader.js": {"path":"C:\\Users\\geras\\Desktop\\js\\Gerasik-2019Q1\\piskel-clone\\src\\views\\AppHeader\\AppHeader.js","statementMap":{"0":{"start":{"line":3,"column":4},"end":{"line":3,"column":31}},"1":{"start":{"line":4,"column":4},"end":{"line":4,"column":22}},"2":{"start":{"line":8,"column":19},"end":{"line":8,"column":51}},"3":{"start":{"line":9,"column":4},"end":{"line":9,"column":41}},"4":{"start":{"line":10,"column":4},"end":{"line":12,"column":112}},"5":{"start":{"line":13,"column":4},"end":{"line":13,"column":38}},"6":{"start":{"line":14,"column":4},"end":{"line":14,"column":24}}},"fnMap":{"0":{"name":"(anonymous_0)","decl":{"start":{"line":2,"column":2},"end":{"line":2,"column":3}},"loc":{"start":{"line":2,"column":25},"end":{"line":5,"column":3}},"line":2},"1":{"name":"(anonymous_1)","decl":{"start":{"line":7,"column":2},"end":{"line":7,"column":3}},"loc":{"start":{"line":7,"column":11},"end":{"line":15,"column":3}},"line":7}},"branchMap":{},"s":{"0":2,"1":2,"2":1,"3":1,"4":1,"5":1,"6":1},"f":{"0":2,"1":1},"b":{},"_coverageSchema":"43e27e138ebf9cfc5966b082cf9a028302ed4184","hash":"05871947db2ca452aee37e10d329ec1ccab5688f"}
,"C:\\Users\\geras\\Desktop\\js\\Gerasik-2019Q1\\piskel-clone\\src\\views\\AppMainCanvas\\AppMainCanvas.js": {"path":"C:\\Users\\geras\\Desktop\\js\\Gerasik-2019Q1\\piskel-clone\\src\\views\\AppMainCanvas\\AppMainCanvas.js","statementMap":{"0":{"start":{"line":3,"column":4},"end":{"line":3,"column":31}},"1":{"start":{"line":4,"column":4},"end":{"line":4,"column":35}},"2":{"start":{"line":5,"column":4},"end":{"line":5,"column":22}},"3":{"start":{"line":6,"column":4},"end":{"line":6,"column":21}},"4":{"start":{"line":10,"column":23},"end":{"line":10,"column":56}},"5":{"start":{"line":11,"column":24},"end":{"line":11,"column":56}},"6":{"start":{"line":12,"column":23},"end":{"line":12,"column":55}},"7":{"start":{"line":13,"column":4},"end":{"line":13,"column":55}},"8":{"start":{"line":14,"column":4},"end":{"line":14,"column":56}},"9":{"start":{"line":15,"column":4},"end":{"line":15,"column":65}},"10":{"start":{"line":16,"column":4},"end":{"line":16,"column":46}},"11":{"start":{"line":17,"column":4},"end":{"line":17,"column":54}},"12":{"start":{"line":18,"column":4},"end":{"line":18,"column":55}},"13":{"start":{"line":19,"column":4},"end":{"line":19,"column":63}},"14":{"start":{"line":20,"column":4},"end":{"line":20,"column":44}},"15":{"start":{"line":21,"column":4},"end":{"line":21,"column":45}},"16":{"start":{"line":22,"column":4},"end":{"line":22,"column":40}},"17":{"start":{"line":23,"column":4},"end":{"line":23,"column":39}},"18":{"start":{"line":24,"column":4},"end":{"line":24,"column":45}},"19":{"start":{"line":25,"column":4},"end":{"line":25,"column":28}}},"fnMap":{"0":{"name":"(anonymous_0)","decl":{"start":{"line":2,"column":2},"end":{"line":2,"column":3}},"loc":{"start":{"line":2,"column":44},"end":{"line":7,"column":3}},"line":2},"1":{"name":"(anonymous_1)","decl":{"start":{"line":9,"column":2},"end":{"line":9,"column":3}},"loc":{"start":{"line":9,"column":11},"end":{"line":26,"column":3}},"line":9}},"branchMap":{},"s":{"0":1,"1":1,"2":1,"3":1,"4":1,"5":1,"6":1,"7":1,"8":1,"9":1,"10":1,"11":1,"12":1,"13":1,"14":1,"15":1,"16":1,"17":1,"18":1,"19":1},"f":{"0":1,"1":1},"b":{},"_coverageSchema":"43e27e138ebf9cfc5966b082cf9a028302ed4184","hash":"5a0fdf094428560dac7402c68fcda69412bcc065"}
,"C:\\Users\\geras\\Desktop\\js\\Gerasik-2019Q1\\piskel-clone\\src\\views\\AppTools\\AppTools.js": {"path":"C:\\Users\\geras\\Desktop\\js\\Gerasik-2019Q1\\piskel-clone\\src\\views\\AppTools\\AppTools.js","statementMap":{"0":{"start":{"line":3,"column":4},"end":{"line":3,"column":31}},"1":{"start":{"line":4,"column":4},"end":{"line":4,"column":35}},"2":{"start":{"line":5,"column":4},"end":{"line":5,"column":22}},"3":{"start":{"line":9,"column":18},"end":{"line":9,"column":51}},"4":{"start":{"line":10,"column":21},"end":{"line":10,"column":50}},"5":{"start":{"line":11,"column":21},"end":{"line":53,"column":6}},"6":{"start":{"line":54,"column":4},"end":{"line":54,"column":40}},"7":{"start":{"line":55,"column":4},"end":{"line":55,"column":53}},"8":{"start":{"line":56,"column":4},"end":{"line":56,"column":79}},"9":{"start":{"line":56,"column":29},"end":{"line":56,"column":77}},"10":{"start":{"line":57,"column":4},"end":{"line":57,"column":32}},"11":{"start":{"line":58,"column":4},"end":{"line":58,"column":40}},"12":{"start":{"line":59,"column":4},"end":{"line":59,"column":31}},"13":{"start":{"line":63,"column":23},"end":{"line":63,"column":54}},"14":{"start":{"line":64,"column":4},"end":{"line":64,"column":45}},"15":{"start":{"line":65,"column":4},"end":{"line":65,"column":40}},"16":{"start":{"line":66,"column":4},"end":{"line":66,"column":42}},"17":{"start":{"line":67,"column":4},"end":{"line":67,"column":44}},"18":{"start":{"line":68,"column":4},"end":{"line":68,"column":22}},"19":{"start":{"line":72,"column":17},"end":{"line":72,"column":49}},"20":{"start":{"line":73,"column":4},"end":{"line":73,"column":42}},"21":{"start":{"line":74,"column":4},"end":{"line":74,"column":45}},"22":{"start":{"line":75,"column":4},"end":{"line":75,"column":53}},"23":{"start":{"line":76,"column":4},"end":{"line":76,"column":52}},"24":{"start":{"line":77,"column":4},"end":{"line":77,"column":29}},"25":{"start":{"line":81,"column":22},"end":{"line":81,"column":51}},"26":{"start":{"line":82,"column":4},"end":{"line":82,"column":49}},"27":{"start":{"line":83,"column":4},"end":{"line":90,"column":5}},"28":{"start":{"line":83,"column":17},"end":{"line":83,"column":18}},"29":{"start":{"line":84,"column":6},"end":{"line":88,"column":7}},"30":{"start":{"line":85,"column":21},"end":{"line":85,"column":51}},"31":{"start":{"line":86,"column":8},"end":{"line":86,"column":35}},"32":{"start":{"line":87,"column":8},"end":{"line":87,"column":36}},"33":{"start":{"line":89,"column":6},"end":{"line":89,"column":88}},"34":{"start":{"line":91,"column":4},"end":{"line":91,"column":34}},"35":{"start":{"line":92,"column":4},"end":{"line":92,"column":21}},"36":{"start":{"line":96,"column":18},"end":{"line":96,"column":47}},"37":{"start":{"line":97,"column":17},"end":{"line":97,"column":47}},"38":{"start":{"line":98,"column":4},"end":{"line":98,"column":36}},"39":{"start":{"line":99,"column":19},"end":{"line":99,"column":51}},"40":{"start":{"line":100,"column":17},"end":{"line":100,"column":49}},"41":{"start":{"line":101,"column":4},"end":{"line":101,"column":29}},"42":{"start":{"line":102,"column":4},"end":{"line":102,"column":46}},"43":{"start":{"line":103,"column":17},"end":{"line":103,"column":49}},"44":{"start":{"line":104,"column":4},"end":{"line":104,"column":29}},"45":{"start":{"line":105,"column":17},"end":{"line":105,"column":49}},"46":{"start":{"line":106,"column":4},"end":{"line":106,"column":31}},"47":{"start":{"line":107,"column":4},"end":{"line":107,"column":29}},"48":{"start":{"line":108,"column":4},"end":{"line":108,"column":29}},"49":{"start":{"line":109,"column":4},"end":{"line":109,"column":29}},"50":{"start":{"line":110,"column":4},"end":{"line":110,"column":28}},"51":{"start":{"line":111,"column":4},"end":{"line":111,"column":30}},"52":{"start":{"line":112,"column":4},"end":{"line":112,"column":30}},"53":{"start":{"line":113,"column":4},"end":{"line":113,"column":17}},"54":{"start":{"line":117,"column":18},"end":{"line":117,"column":47}},"55":{"start":{"line":118,"column":14},"end":{"line":118,"column":43}},"56":{"start":{"line":119,"column":14},"end":{"line":119,"column":43}},"57":{"start":{"line":120,"column":4},"end":{"line":120,"column":41}},"58":{"start":{"line":121,"column":4},"end":{"line":121,"column":66}},"59":{"start":{"line":122,"column":4},"end":{"line":122,"column":66}},"60":{"start":{"line":123,"column":4},"end":{"line":123,"column":25}},"61":{"start":{"line":124,"column":4},"end":{"line":124,"column":25}},"62":{"start":{"line":125,"column":4},"end":{"line":125,"column":37}}},"fnMap":{"0":{"name":"(anonymous_0)","decl":{"start":{"line":2,"column":2},"end":{"line":2,"column":3}},"loc":{"start":{"line":2,"column":38},"end":{"line":6,"column":3}},"line":2},"1":{"name":"(anonymous_1)","decl":{"start":{"line":8,"column":2},"end":{"line":8,"column":3}},"loc":{"start":{"line":8,"column":11},"end":{"line":60,"column":3}},"line":8},"2":{"name":"(anonymous_2)","decl":{"start":{"line":56,"column":21},"end":{"line":56,"column":22}},"loc":{"start":{"line":56,"column":29},"end":{"line":56,"column":77}},"line":56},"3":{"name":"(anonymous_3)","decl":{"start":{"line":62,"column":2},"end":{"line":62,"column":3}},"loc":{"start":{"line":62,"column":39},"end":{"line":69,"column":3}},"line":62},"4":{"name":"(anonymous_4)","decl":{"start":{"line":71,"column":2},"end":{"line":71,"column":3}},"loc":{"start":{"line":71,"column":42},"end":{"line":78,"column":3}},"line":71},"5":{"name":"(anonymous_5)","decl":{"start":{"line":80,"column":2},"end":{"line":80,"column":3}},"loc":{"start":{"line":80,"column":38},"end":{"line":93,"column":3}},"line":80},"6":{"name":"(anonymous_6)","decl":{"start":{"line":95,"column":2},"end":{"line":95,"column":3}},"loc":{"start":{"line":95,"column":32},"end":{"line":114,"column":3}},"line":95},"7":{"name":"(anonymous_7)","decl":{"start":{"line":116,"column":2},"end":{"line":116,"column":3}},"loc":{"start":{"line":116,"column":26},"end":{"line":126,"column":3}},"line":116}},"branchMap":{"0":{"loc":{"start":{"line":84,"column":6},"end":{"line":88,"column":7}},"type":"if","locations":[{"start":{"line":84,"column":6},"end":{"line":88,"column":7}},{"start":{"line":84,"column":6},"end":{"line":88,"column":7}}],"line":84}},"s":{"0":2,"1":2,"2":2,"3":1,"4":1,"5":1,"6":1,"7":1,"8":1,"9":14,"10":1,"11":1,"12":1,"13":6,"14":6,"15":6,"16":6,"17":6,"18":6,"19":14,"20":14,"21":14,"22":14,"23":14,"24":14,"25":2,"26":2,"27":2,"28":2,"29":5,"30":3,"31":3,"32":3,"33":5,"34":2,"35":2,"36":1,"37":1,"38":1,"39":1,"40":1,"41":1,"42":1,"43":1,"44":1,"45":1,"46":1,"47":1,"48":1,"49":1,"50":1,"51":1,"52":1,"53":1,"54":1,"55":1,"56":1,"57":1,"58":1,"59":1,"60":1,"61":1,"62":1},"f":{"0":2,"1":1,"2":14,"3":6,"4":14,"5":2,"6":1,"7":1},"b":{"0":[3,2]},"_coverageSchema":"43e27e138ebf9cfc5966b082cf9a028302ed4184","hash":"148a3d1b61c8a61c7c2230c5d7e6f135a182c8f9"}
}
